Using pre-set license
Built from '2022.3/staging' branch; Version is '2022.3.8f1 (b5eafc012955) revision 11922172'; Using compiler version '192829333'; Build Type 'Release'
OS: 'Windows 11  (10.0.22631) 64bit Core' Language: 'en' Physical Memory: 32492 MB
BatchMode: 1, IsHumanControllingUs: 0, StartBugReporterOnCrash: 0, Is64bit: 1, IsPro: 1

COMMAND LINE ARGUMENTS:
C:\Program Files\Unity\Hub\Editor\2022.3.8f1\Editor\Unity.exe
-adb2
-batchMode
-noUpm
-name
AssetImportWorker1
-projectPath
C:/Users/maxdo/Desktop/BPW2 Game FInal/FinalToHandIn/BPW2_project_final/BPW2FinalGame
-logFile
Logs/AssetImportWorker1.log
-srvPort
51035
Successfully changed project path to: C:/Users/maxdo/Desktop/BPW2 Game FInal/FinalToHandIn/BPW2_project_final/BPW2FinalGame
C:/Users/maxdo/Desktop/BPW2 Game FInal/FinalToHandIn/BPW2_project_final/BPW2FinalGame
[UnityMemory] Configuration Parameters - Can be set up in boot.config
    "memorysetup-bucket-allocator-granularity=16"
    "memorysetup-bucket-allocator-bucket-count=8"
    "memorysetup-bucket-allocator-block-size=33554432"
    "memorysetup-bucket-allocator-block-count=8"
    "memorysetup-main-allocator-block-size=16777216"
    "memorysetup-thread-allocator-block-size=16777216"
    "memorysetup-gfx-main-allocator-block-size=16777216"
    "memorysetup-gfx-thread-allocator-block-size=16777216"
    "memorysetup-cache-allocator-block-size=4194304"
    "memorysetup-typetree-allocator-block-size=2097152"
    "memorysetup-profiler-bucket-allocator-granularity=16"
    "memorysetup-profiler-bucket-allocator-bucket-count=8"
    "memorysetup-profiler-bucket-allocator-block-size=33554432"
    "memorysetup-profiler-bucket-allocator-block-count=8"
    "memorysetup-profiler-allocator-block-size=16777216"
    "memorysetup-profiler-editor-allocator-block-size=1048576"
    "memorysetup-temp-allocator-size-main=16777216"
    "memorysetup-job-temp-allocator-block-size=2097152"
    "memorysetup-job-temp-allocator-block-size-background=1048576"
    "memorysetup-job-temp-allocator-reduction-small-platforms=262144"
    "memorysetup-allocator-temp-initial-block-size-main=262144"
    "memorysetup-allocator-temp-initial-block-size-worker=262144"
    "memorysetup-temp-allocator-size-background-worker=32768"
    "memorysetup-temp-allocator-size-job-worker=262144"
    "memorysetup-temp-allocator-size-preload-manager=33554432"
    "memorysetup-temp-allocator-size-nav-mesh-worker=65536"
    "memorysetup-temp-allocator-size-audio-worker=65536"
    "memorysetup-temp-allocator-size-cloud-worker=32768"
    "memorysetup-temp-allocator-size-gi-baking-worker=262144"
    "memorysetup-temp-allocator-size-gfx=262144"
Player connection [43632] Host "[IP] 192.168.178.10 [Port] 0 [Flags] 2 [Guid] 1353132065 [EditorId] 1353132065 [Version] 1048832 [Id] WindowsEditor(7,Asphodel) [Debug] 1 [PackageName] WindowsEditor [ProjectName] Editor" joined multi-casting on [225.0.0.222:54997]...

Player connection [43632] Host "[IP] 192.168.178.10 [Port] 0 [Flags] 2 [Guid] 1353132065 [EditorId] 1353132065 [Version] 1048832 [Id] WindowsEditor(7,Asphodel) [Debug] 1 [PackageName] WindowsEditor [ProjectName] Editor" joined alternative multi-casting on [225.0.0.222:34997]...

[Physics::Module] Initialized MultithreadedJobDispatcher with 19 workers.
Refreshing native plugins compatible for Editor in 15.12 ms, found 4 plugins.
Preloading 0 native plugins for Editor in 0.00 ms.
Initialize engine version: 2022.3.8f1 (b5eafc012955)
[Subsystems] Discovering subsystems at path C:/Program Files/Unity/Hub/Editor/2022.3.8f1/Editor/Data/Resources/UnitySubsystems
[Subsystems] Discovering subsystems at path C:/Users/maxdo/Desktop/BPW2 Game FInal/FinalToHandIn/BPW2_project_final/BPW2FinalGame/Assets
GfxDevice: creating device client; threaded=0; jobified=0
Direct3D:
    Version:  Direct3D 11.0 [level 11.1]
    Renderer: NVIDIA GeForce RTX 3060 Laptop GPU (ID=0x2560)
    Vendor:   NVIDIA
    VRAM:     5996 MB
    Driver:   31.0.15.5176
Initialize mono
Mono path[0] = 'C:/Program Files/Unity/Hub/Editor/2022.3.8f1/Editor/Data/Managed'
Mono path[1] = 'C:/Program Files/Unity/Hub/Editor/2022.3.8f1/Editor/Data/MonoBleedingEdge/lib/mono/unityjit-win32'
Mono config path = 'C:/Program Files/Unity/Hub/Editor/2022.3.8f1/Editor/Data/MonoBleedingEdge/etc'
Using monoOptions --debugger-agent=transport=dt_socket,embedding=1,server=y,suspend=n,address=127.0.0.1:56512
Begin MonoManager ReloadAssembly
Registering precompiled unity dll's ...
Register platform support module: C:/Program Files/Unity/Hub/Editor/2022.3.8f1/Editor/Data/PlaybackEngines/WebGLSupport/UnityEditor.WebGL.Extensions.dll
Register platform support module: C:/Program Files/Unity/Hub/Editor/2022.3.8f1/Editor/Data/PlaybackEngines/WindowsStandaloneSupport/UnityEditor.WindowsStandalone.Extensions.dll
Registered in 0.010240 seconds.
- Loaded All Assemblies, in  0.290 seconds
Native extension for WindowsStandalone target not found
Native extension for WebGL target not found
Mono: successfully reloaded assembly
- Finished resetting the current domain, in  0.206 seconds
Domain Reload Profiling: 495ms
	BeginReloadAssembly (93ms)
		ExecutionOrderSort (0ms)
		DisableScriptedObjects (0ms)
		BackupInstance (0ms)
		ReleaseScriptingObjects (0ms)
		CreateAndSetChildDomain (0ms)
	RebuildCommonClasses (24ms)
	RebuildNativeTypeToScriptingClass (8ms)
	initialDomainReloadingComplete (52ms)
	LoadAllAssembliesAndSetupDomain (111ms)
		LoadAssemblies (91ms)
		RebuildTransferFunctionScriptingTraits (0ms)
		AnalyzeDomain (109ms)
			TypeCache.Refresh (108ms)
				TypeCache.ScanAssembly (97ms)
			ScanForSourceGeneratedMonoScriptInfo (0ms)
			ResolveRequiredComponents (0ms)
	FinalizeReload (207ms)
		ReleaseScriptCaches (0ms)
		RebuildScriptCaches (0ms)
		SetupLoadedEditorAssemblies (160ms)
			LogAssemblyErrors (0ms)
			InitializePlatformSupportModulesInManaged (9ms)
			SetLoadedEditorAssemblies (5ms)
			RefreshPlugins (0ms)
			BeforeProcessingInitializeOnLoad (2ms)
			ProcessInitializeOnLoadAttributes (105ms)
			ProcessInitializeOnLoadMethodAttributes (39ms)
			AfterProcessingInitializeOnLoad (0ms)
			EditorAssembliesLoaded (0ms)
		ExecutionOrderSort2 (0ms)
		AwakeInstancesAfterBackupRestoration (0ms)
========================================================================
Worker process is ready to serve import requests
Begin MonoManager ReloadAssembly
- Loaded All Assemblies, in  0.680 seconds
Refreshing native plugins compatible for Editor in 6.85 ms, found 4 plugins.
Native extension for WindowsStandalone target not found
Native extension for WebGL target not found
Package Manager log level set to [2]
[Package Manager] Server::EnsureServerProcessIsRunning -- launch failed, reason: Unity was launched with the -noUpm command-line argument
[Package Manager] UpmClient::Send -- Unable to send message (not connected to UPM process).
[Package Manager] Cannot connect to Unity Package Manager local server
Mono: successfully reloaded assembly
- Finished resetting the current domain, in  0.680 seconds
Domain Reload Profiling: 1354ms
	BeginReloadAssembly (132ms)
		ExecutionOrderSort (0ms)
		DisableScriptedObjects (4ms)
		BackupInstance (0ms)
		ReleaseScriptingObjects (0ms)
		CreateAndSetChildDomain (19ms)
	RebuildCommonClasses (25ms)
	RebuildNativeTypeToScriptingClass (8ms)
	initialDomainReloadingComplete (38ms)
	LoadAllAssembliesAndSetupDomain (471ms)
		LoadAssemblies (338ms)
		RebuildTransferFunctionScriptingTraits (0ms)
		AnalyzeDomain (212ms)
			TypeCache.Refresh (173ms)
				TypeCache.ScanAssembly (157ms)
			ScanForSourceGeneratedMonoScriptInfo (29ms)
			ResolveRequiredComponents (9ms)
	FinalizeReload (680ms)
		ReleaseScriptCaches (0ms)
		RebuildScriptCaches (0ms)
		SetupLoadedEditorAssemblies (510ms)
			LogAssemblyErrors (0ms)
			InitializePlatformSupportModulesInManaged (7ms)
			SetLoadedEditorAssemblies (3ms)
			RefreshPlugins (0ms)
			BeforeProcessingInitializeOnLoad (79ms)
			ProcessInitializeOnLoadAttributes (343ms)
			ProcessInitializeOnLoadMethodAttributes (70ms)
			AfterProcessingInitializeOnLoad (8ms)
			EditorAssembliesLoaded (0ms)
		ExecutionOrderSort2 (0ms)
		AwakeInstancesAfterBackupRestoration (6ms)
Launched and connected shader compiler UnityShaderCompiler.exe after 0.05 seconds
Refreshing native plugins compatible for Editor in 4.12 ms, found 4 plugins.
Preloading 0 native plugins for Editor in 0.00 ms.
Unloading 6419 Unused Serialized files (Serialized files now loaded: 0)
Unloading 107 unused Assets / (1.5 MB). Loaded Objects now: 6873.
Memory consumption went from 245.2 MB to 243.7 MB.
Total: 4.408100 ms (FindLiveObjects: 0.699700 ms CreateObjectMapping: 0.449300 ms MarkObjects: 2.819300 ms  DeleteObjects: 0.438300 ms)

AssetImportParameters requested are different than current active one (requested -> active):
  custom:container-demuxer-ogg: 62fdf1f143b41e24485cea50d1cbac27 -> 
  custom:framework-win-MediaFoundation: 216162199b28c13a410421893ffa2e32 -> 
  custom:container-muxer-webm: aa71ff27fc2769a1b78a27578f13a17b -> 
  custom:video-decoder-webm-vp8: 9c59270c3fd7afecdb556c50c9e8de78 -> 
  custom:SearchIndexIgnoredProperties: e643bd26f0fe6173181afceb89e7c659 -> 
  custom:AudioImporter_EditorPlatform: d09bf68614088b80899f8185d706f6e7 -> 
  custom:audio-decoder-ogg-vorbis: bf7c407c2cedff20999df2af8eb42d56 -> 
  custom:audio-encoder-webm-vorbis: bf7c407c2cedff20999df2af8eb42d56 -> 
  custom:video-codec-MediaFoundation-h265: 746d11721c4dcdbdad8f713fa42b33f4 -> 
  custom:video-decoder-ogg-theora: a1e56fd34408186e4bbccfd4996cb3dc -> 
  custom:CustomObjectIndexerAttribute: a3ef5dd2817f97addfee359851a9dba5 -> 
  custom:container-demuxer-webm: 4f35f7cbe854078d1ac9338744f61a02 -> 
  custom:video-encoder-webm-vp8: eb34c28f22e8b96e1ab97ce403110664 -> 
========================================================================
Received Import Request.
  Time since last request: 142745.306144 seconds.
  path: Assets/tilePalletes/BPW2TileMap_0.asset
  artifactKey: Guid(33915336e9f491343a46197c769b3326) Importer(815301076,1909f56bfc062723c751e8b465ee728b)
Start importing Assets/tilePalletes/BPW2TileMap_0.asset using Guid(33915336e9f491343a46197c769b3326) Importer(815301076,1909f56bfc062723c751e8b465ee728b)  -> (artifact id: '4cab071b8bb11e3ab3e228f443597ea4') in 0.047858 seconds
Number of updated asset objects reloaded before import = 0
Number of asset objects unloaded after import = 1
========================================================================
Received Import Request.
  Time since last request: 0.000017 seconds.
  path: Assets/tilePalletes/BPW2TileMap_8.asset
  artifactKey: Guid(c58abfdb266d1ef4592789d8dec73709) Importer(815301076,1909f56bfc062723c751e8b465ee728b)
Start importing Assets/tilePalletes/BPW2TileMap_8.asset using Guid(c58abfdb266d1ef4592789d8dec73709) Importer(815301076,1909f56bfc062723c751e8b465ee728b)  -> (artifact id: 'e69e7f9f66463bcef3ba9e016cfbdc2c') in 0.001996 seconds
Number of updated asset objects reloaded before import = 0
Number of asset objects unloaded after import = 1
========================================================================
Received Import Request.
  Time since last request: 0.000015 seconds.
  path: Assets/tilePalletes/BPW2TileMap_6.asset
  artifactKey: Guid(2d3148364c4991f4fa2569de010bf25d) Importer(815301076,1909f56bfc062723c751e8b465ee728b)
Start importing Assets/tilePalletes/BPW2TileMap_6.asset using Guid(2d3148364c4991f4fa2569de010bf25d) Importer(815301076,1909f56bfc062723c751e8b465ee728b)  -> (artifact id: '956f6877ab2adcdf0ebe8d4fb9cce31d') in 0.002033 seconds
Number of updated asset objects reloaded before import = 0
Number of asset objects unloaded after import = 1
========================================================================
Received Import Request.
  Time since last request: 0.000088 seconds.
  path: Assets/tilePalletes/BPW2TileMap_4.asset
  artifactKey: Guid(12abb9748807c1546a9c41d0dc03ff60) Importer(815301076,1909f56bfc062723c751e8b465ee728b)
Start importing Assets/tilePalletes/BPW2TileMap_4.asset using Guid(12abb9748807c1546a9c41d0dc03ff60) Importer(815301076,1909f56bfc062723c751e8b465ee728b)  -> (artifact id: 'fb427f64ed5cfd133188d400233d95d9') in 0.002290 seconds
Number of updated asset objects reloaded before import = 0
Number of asset objects unloaded after import = 1
========================================================================
Received Import Request.
  Time since last request: 2.581652 seconds.
  path: Assets/tilePalletes/BPW2TileMap_10.asset
  artifactKey: Guid(3ed8d56784fc0ec45a50c5afb28edf4b) Importer(815301076,1909f56bfc062723c751e8b465ee728b)
Start importing Assets/tilePalletes/BPW2TileMap_10.asset using Guid(3ed8d56784fc0ec45a50c5afb28edf4b) Importer(815301076,1909f56bfc062723c751e8b465ee728b)  -> (artifact id: 'd4d91f3dafa6742afa615fa0efc56f00') in 0.002232 seconds
Number of updated asset objects reloaded before import = 0
Number of asset objects unloaded after import = 1
========================================================================
Received Import Request.
  Time since last request: 0.000095 seconds.
  path: Assets/tilePalletes/BPW2TileMapv2_0.asset
  artifactKey: Guid(5ad737951950dcc4085081fae4b8bebf) Importer(815301076,1909f56bfc062723c751e8b465ee728b)
Start importing Assets/tilePalletes/BPW2TileMapv2_0.asset using Guid(5ad737951950dcc4085081fae4b8bebf) Importer(815301076,1909f56bfc062723c751e8b465ee728b)  -> (artifact id: '2ef4e2a5073e46fa2639b91c89fd27af') in 0.047685 seconds
Number of updated asset objects reloaded before import = 0
Number of asset objects unloaded after import = 3
========================================================================
Received Import Request.
  Time since last request: 0.000020 seconds.
  path: Assets/tilePalletes/BPW2TileMap_18.asset
  artifactKey: Guid(21bc8c81d5a757a4a98330b10bab3ede) Importer(815301076,1909f56bfc062723c751e8b465ee728b)
Start importing Assets/tilePalletes/BPW2TileMap_18.asset using Guid(21bc8c81d5a757a4a98330b10bab3ede) Importer(815301076,1909f56bfc062723c751e8b465ee728b)  -> (artifact id: 'bc10ec951837f2dae2a887aedf7267b8') in 0.002416 seconds
Number of updated asset objects reloaded before import = 0
Number of asset objects unloaded after import = 1
========================================================================
Received Import Request.
  Time since last request: 0.000073 seconds.
  path: Assets/tilePalletes/BPW2TileMapv2_3.asset
  artifactKey: Guid(8bbdd2541559de649a431325d3cd5c83) Importer(815301076,1909f56bfc062723c751e8b465ee728b)
Start importing Assets/tilePalletes/BPW2TileMapv2_3.asset using Guid(8bbdd2541559de649a431325d3cd5c83) Importer(815301076,1909f56bfc062723c751e8b465ee728b)  -> (artifact id: '9c59c6033d44b45f147757cf81ae7990') in 0.013188 seconds
Number of updated asset objects reloaded before import = 0
Number of asset objects unloaded after import = 3
========================================================================
Received Import Request.
  Time since last request: 0.000014 seconds.
  path: Assets/tilePalletes/BPW2TileMapv2_9.asset
  artifactKey: Guid(6de605f65af012c4fbe0076a0cff5e0b) Importer(815301076,1909f56bfc062723c751e8b465ee728b)
Start importing Assets/tilePalletes/BPW2TileMapv2_9.asset using Guid(6de605f65af012c4fbe0076a0cff5e0b) Importer(815301076,1909f56bfc062723c751e8b465ee728b)  -> (artifact id: '3064e76733d443aff066e8062f0c439a') in 0.012912 seconds
Number of updated asset objects reloaded before import = 0
Number of asset objects unloaded after import = 3
========================================================================
Received Import Request.
  Time since last request: 0.000016 seconds.
  path: Assets/tilePalletes/BPW2TileMapv2_13.asset
  artifactKey: Guid(0a632c479ad1e114dae647971d50e374) Importer(815301076,1909f56bfc062723c751e8b465ee728b)
Start importing Assets/tilePalletes/BPW2TileMapv2_13.asset using Guid(0a632c479ad1e114dae647971d50e374) Importer(815301076,1909f56bfc062723c751e8b465ee728b)  -> (artifact id: 'ee63a69c152374193315d787a9f6e80f') in 0.015130 seconds
Number of updated asset objects reloaded before import = 0
Number of asset objects unloaded after import = 3
========================================================================
Received Import Request.
  Time since last request: 0.000018 seconds.
  path: Assets/tilePalletes/bpwtiles_2.asset
  artifactKey: Guid(680b31818db27e04a871097367981bda) Importer(815301076,1909f56bfc062723c751e8b465ee728b)
Start importing Assets/tilePalletes/bpwtiles_2.asset using Guid(680b31818db27e04a871097367981bda) Importer(815301076,1909f56bfc062723c751e8b465ee728b)  -> (artifact id: '9a1ff0823283d5f58e06349c4db150c5') in 0.002220 seconds
Number of updated asset objects reloaded before import = 0
Number of asset objects unloaded after import = 1
========================================================================
Received Import Request.
  Time since last request: 0.000011 seconds.
  path: Assets/tilePalletes/bpwtiles_4.asset
  artifactKey: Guid(d78652908cdcc7f4babf6f362a8d38b7) Importer(815301076,1909f56bfc062723c751e8b465ee728b)
Start importing Assets/tilePalletes/bpwtiles_4.asset using Guid(d78652908cdcc7f4babf6f362a8d38b7) Importer(815301076,1909f56bfc062723c751e8b465ee728b)  -> (artifact id: 'c5e7003857c4d0d6269dd6a99325822d') in 0.002953 seconds
Number of updated asset objects reloaded before import = 0
Number of asset objects unloaded after import = 1
========================================================================
Received Import Request.
  Time since last request: 0.000039 seconds.
  path: Assets/tilePalletes/BPW2TileMapv2_18.asset
  artifactKey: Guid(258e2c96e186872499461b1a6d7b46ce) Importer(815301076,1909f56bfc062723c751e8b465ee728b)
Start importing Assets/tilePalletes/BPW2TileMapv2_18.asset using Guid(258e2c96e186872499461b1a6d7b46ce) Importer(815301076,1909f56bfc062723c751e8b465ee728b)  -> (artifact id: 'ccd61fe474424de4796fc71907c716fc') in 0.013078 seconds
Number of updated asset objects reloaded before import = 0
Number of asset objects unloaded after import = 3
========================================================================
Received Import Request.
  Time since last request: 0.000026 seconds.
  path: Assets/tilePalletes/BPW2TileMapv2_11.asset
  artifactKey: Guid(fd18b136607c27646b05c48e84aa973a) Importer(815301076,1909f56bfc062723c751e8b465ee728b)
Start importing Assets/tilePalletes/BPW2TileMapv2_11.asset using Guid(fd18b136607c27646b05c48e84aa973a) Importer(815301076,1909f56bfc062723c751e8b465ee728b)  -> (artifact id: 'aeba5791daf031568650571324e81146') in 0.012244 seconds
Number of updated asset objects reloaded before import = 0
Number of asset objects unloaded after import = 3
========================================================================
Received Import Request.
  Time since last request: 0.000025 seconds.
  path: Assets/tilePalletes/bpwtiles_6.asset
  artifactKey: Guid(89b416e9caafe1546836c5c3d0bd8c89) Importer(815301076,1909f56bfc062723c751e8b465ee728b)
Start importing Assets/tilePalletes/bpwtiles_6.asset using Guid(89b416e9caafe1546836c5c3d0bd8c89) Importer(815301076,1909f56bfc062723c751e8b465ee728b)  -> (artifact id: '30d36def1b83a8820006255b7382aa5d') in 0.003558 seconds
Number of updated asset objects reloaded before import = 0
Number of asset objects unloaded after import = 1
========================================================================
Received Import Request.
  Time since last request: 0.000038 seconds.
  path: Assets/tilePalletes/BPW2TileMapv2_12.asset
  artifactKey: Guid(086e29dbd86d7584eba756146aed4c0b) Importer(815301076,1909f56bfc062723c751e8b465ee728b)
Start importing Assets/tilePalletes/BPW2TileMapv2_12.asset using Guid(086e29dbd86d7584eba756146aed4c0b) Importer(815301076,1909f56bfc062723c751e8b465ee728b)  -> (artifact id: 'cd5dfba83b7a072584a3529409525bd9') in 0.011676 seconds
Number of updated asset objects reloaded before import = 0
Number of asset objects unloaded after import = 3
========================================================================
Received Import Request.
  Time since last request: 0.000017 seconds.
  path: Assets/tilePalletes/BPW2TileMap_11.asset
  artifactKey: Guid(98aaf5bb16b818e45a7c09101fb1079f) Importer(815301076,1909f56bfc062723c751e8b465ee728b)
Start importing Assets/tilePalletes/BPW2TileMap_11.asset using Guid(98aaf5bb16b818e45a7c09101fb1079f) Importer(815301076,1909f56bfc062723c751e8b465ee728b)  -> (artifact id: 'e8aa308487447daea5952d184178d843') in 0.002278 seconds
Number of updated asset objects reloaded before import = 0
Number of asset objects unloaded after import = 1
========================================================================
Received Import Request.
  Time since last request: 0.000014 seconds.
  path: Assets/tilePalletes/bpwtiles_3.asset
  artifactKey: Guid(127bd4dea4074324b902e271684ca8cc) Importer(815301076,1909f56bfc062723c751e8b465ee728b)
Start importing Assets/tilePalletes/bpwtiles_3.asset using Guid(127bd4dea4074324b902e271684ca8cc) Importer(815301076,1909f56bfc062723c751e8b465ee728b)  -> (artifact id: '0460e8da71088bf31d3a62b28e423aae') in 0.002369 seconds
Number of updated asset objects reloaded before import = 0
Number of asset objects unloaded after import = 1
========================================================================
Received Import Request.
  Time since last request: 0.000021 seconds.
  path: Assets/tilePalletes/BPW2TileMap_15.asset
  artifactKey: Guid(836806506d533f2498a84804810df8ac) Importer(815301076,1909f56bfc062723c751e8b465ee728b)
Start importing Assets/tilePalletes/BPW2TileMap_15.asset using Guid(836806506d533f2498a84804810df8ac) Importer(815301076,1909f56bfc062723c751e8b465ee728b)  -> (artifact id: '64ebd05c1bcff03ffa1fd6c6e78bd6cc') in 0.003428 seconds
Number of updated asset objects reloaded before import = 0
Number of asset objects unloaded after import = 1
========================================================================
Received Import Request.
  Time since last request: 0.000132 seconds.
  path: Assets/tilePalletes/BPW2TileMapv2_17.asset
  artifactKey: Guid(427fb2928650ad44cb0909f58870b851) Importer(815301076,1909f56bfc062723c751e8b465ee728b)
Start importing Assets/tilePalletes/BPW2TileMapv2_17.asset using Guid(427fb2928650ad44cb0909f58870b851) Importer(815301076,1909f56bfc062723c751e8b465ee728b)  -> (artifact id: '701e2e74eb68d54fa75b9f3e8ede1111') in 0.012405 seconds
Number of updated asset objects reloaded before import = 0
Number of asset objects unloaded after import = 3
========================================================================
Received Import Request.
  Time since last request: 0.000024 seconds.
  path: Assets/tilePalletes/bpwtiles_0.asset
  artifactKey: Guid(05986b6ad9884014ca9241868d567754) Importer(815301076,1909f56bfc062723c751e8b465ee728b)
Start importing Assets/tilePalletes/bpwtiles_0.asset using Guid(05986b6ad9884014ca9241868d567754) Importer(815301076,1909f56bfc062723c751e8b465ee728b)  -> (artifact id: '560dd4cda351ae254de00cf6d9dca623') in 0.002442 seconds
Number of updated asset objects reloaded before import = 0
Number of asset objects unloaded after import = 1
========================================================================
Received Import Request.
  Time since last request: 0.000197 seconds.
  path: Assets/tilePalletes/bpwtiles_7.asset
  artifactKey: Guid(2c03646a1ff947d49a28a1aa188acfe0) Importer(815301076,1909f56bfc062723c751e8b465ee728b)
Start importing Assets/tilePalletes/bpwtiles_7.asset using Guid(2c03646a1ff947d49a28a1aa188acfe0) Importer(815301076,1909f56bfc062723c751e8b465ee728b)  -> (artifact id: '3212c3343b0eef5a7a60dd5aad8c1235') in 0.002138 seconds
Number of updated asset objects reloaded before import = 0
Number of asset objects unloaded after import = 1
========================================================================
Received Import Request.
  Time since last request: 0.000015 seconds.
  path: Assets/tilePalletes/bpwtiles_5.asset
  artifactKey: Guid(f98ef8010c94e8d4f9aa59a02f017815) Importer(815301076,1909f56bfc062723c751e8b465ee728b)
Start importing Assets/tilePalletes/bpwtiles_5.asset using Guid(f98ef8010c94e8d4f9aa59a02f017815) Importer(815301076,1909f56bfc062723c751e8b465ee728b)  -> (artifact id: '697666e9c74ec92c6f03420fd02781a4') in 0.002327 seconds
Number of updated asset objects reloaded before import = 0
Number of asset objects unloaded after import = 1
========================================================================
Received Import Request.
  Time since last request: 0.000067 seconds.
  path: Assets/tilePalletes/bpwtiles_8.asset
  artifactKey: Guid(d2b7c9fa197c1084a9ebbfbdbd77b5e2) Importer(815301076,1909f56bfc062723c751e8b465ee728b)
Start importing Assets/tilePalletes/bpwtiles_8.asset using Guid(d2b7c9fa197c1084a9ebbfbdbd77b5e2) Importer(815301076,1909f56bfc062723c751e8b465ee728b)  -> (artifact id: 'd9e249b35ce5fe54a5870ee53c511c2e') in 0.003235 seconds
Number of updated asset objects reloaded before import = 0
Number of asset objects unloaded after import = 1
========================================================================
Received Import Request.
  Time since last request: 0.071307 seconds.
  path: Assets/tilePalletes/bpwtiles_10.asset
  artifactKey: Guid(4bf87a4488f897f47a5d6b6439c6ee9e) Importer(815301076,1909f56bfc062723c751e8b465ee728b)
Start importing Assets/tilePalletes/bpwtiles_10.asset using Guid(4bf87a4488f897f47a5d6b6439c6ee9e) Importer(815301076,1909f56bfc062723c751e8b465ee728b)  -> (artifact id: '855cc9ab600014a214850ef872c9e7c9') in 0.002421 seconds
Number of updated asset objects reloaded before import = 0
Number of asset objects unloaded after import = 1
========================================================================
Received Import Request.
  Time since last request: 0.000012 seconds.
  path: Assets/tilePalletes/bpwtiles_15.asset
  artifactKey: Guid(e69d7ec9b664090408e4b4ebd5416973) Importer(815301076,1909f56bfc062723c751e8b465ee728b)
Start importing Assets/tilePalletes/bpwtiles_15.asset using Guid(e69d7ec9b664090408e4b4ebd5416973) Importer(815301076,1909f56bfc062723c751e8b465ee728b)  -> (artifact id: 'd248bed2908be87356b7a042b85d1ca7') in 0.003350 seconds
Number of updated asset objects reloaded before import = 0
Number of asset objects unloaded after import = 1
========================================================================
Received Import Request.
  Time since last request: 0.000017 seconds.
  path: Assets/tilePalletes/bpwtiles_17.asset
  artifactKey: Guid(529a8d365c0cb004aab14913ba03f168) Importer(815301076,1909f56bfc062723c751e8b465ee728b)
Start importing Assets/tilePalletes/bpwtiles_17.asset using Guid(529a8d365c0cb004aab14913ba03f168) Importer(815301076,1909f56bfc062723c751e8b465ee728b)  -> (artifact id: '08249be3aa18523917ae8363cd9c32d3') in 0.002229 seconds
Number of updated asset objects reloaded before import = 0
Number of asset objects unloaded after import = 1
========================================================================
Received Import Request.
  Time since last request: 0.000040 seconds.
  path: Assets/tilePalletes/bpwtiles_20.asset
  artifactKey: Guid(3c08ccfa1d3ece249a83b7186bc61b0f) Importer(815301076,1909f56bfc062723c751e8b465ee728b)
Start importing Assets/tilePalletes/bpwtiles_20.asset using Guid(3c08ccfa1d3ece249a83b7186bc61b0f) Importer(815301076,1909f56bfc062723c751e8b465ee728b)  -> (artifact id: '29181f227a8a59b3ca738a9cba1ccbf5') in 0.003354 seconds
Number of updated asset objects reloaded before import = 0
Number of asset objects unloaded after import = 1
========================================================================
Received Import Request.
  Time since last request: 0.000023 seconds.
  path: Assets/tilePalletes/bpwtiles_19.asset
  artifactKey: Guid(1fb8b60007e8eeb47ad339cf94f30fac) Importer(815301076,1909f56bfc062723c751e8b465ee728b)
Start importing Assets/tilePalletes/bpwtiles_19.asset using Guid(1fb8b60007e8eeb47ad339cf94f30fac) Importer(815301076,1909f56bfc062723c751e8b465ee728b)  -> (artifact id: '004161982554746abee34400433180fc') in 0.002896 seconds
Number of updated asset objects reloaded before import = 0
Number of asset objects unloaded after import = 1
========================================================================
Received Import Request.
  Time since last request: 0.000027 seconds.
  path: Assets/tilePalletes/bpwtiles_28.asset
  artifactKey: Guid(35a45012ad7932846bc8c91b89f0e15c) Importer(815301076,1909f56bfc062723c751e8b465ee728b)
Start importing Assets/tilePalletes/bpwtiles_28.asset using Guid(35a45012ad7932846bc8c91b89f0e15c) Importer(815301076,1909f56bfc062723c751e8b465ee728b)  -> (artifact id: 'b5ddf3c260ec794582872ce42498cd15') in 0.003344 seconds
Number of updated asset objects reloaded before import = 0
Number of asset objects unloaded after import = 1
========================================================================
Received Import Request.
  Time since last request: 0.000017 seconds.
  path: Assets/tilePalletes/bpwtiles_34.asset
  artifactKey: Guid(7d11ea2cfc6fa1e4ea7b1222ac91c90d) Importer(815301076,1909f56bfc062723c751e8b465ee728b)
Start importing Assets/tilePalletes/bpwtiles_34.asset using Guid(7d11ea2cfc6fa1e4ea7b1222ac91c90d) Importer(815301076,1909f56bfc062723c751e8b465ee728b)  -> (artifact id: 'd348264150552e76c99df8e338692460') in 0.002263 seconds
Number of updated asset objects reloaded before import = 0
Number of asset objects unloaded after import = 1
========================================================================
Received Import Request.
  Time since last request: 0.000074 seconds.
  path: Assets/tilePalletes/bpwtiles_23.asset
  artifactKey: Guid(a68eec99c085d8e47b80341762f79344) Importer(815301076,1909f56bfc062723c751e8b465ee728b)
Start importing Assets/tilePalletes/bpwtiles_23.asset using Guid(a68eec99c085d8e47b80341762f79344) Importer(815301076,1909f56bfc062723c751e8b465ee728b)  -> (artifact id: '534753de0baaf31a415ed4afaa4cd3ed') in 0.002842 seconds
Number of updated asset objects reloaded before import = 0
Number of asset objects unloaded after import = 1
========================================================================
Received Import Request.
  Time since last request: 0.000021 seconds.
  path: Assets/tilePalletes/bpwtiles_36.asset
  artifactKey: Guid(13294efc56989454eb62669fbdea6947) Importer(815301076,1909f56bfc062723c751e8b465ee728b)
Start importing Assets/tilePalletes/bpwtiles_36.asset using Guid(13294efc56989454eb62669fbdea6947) Importer(815301076,1909f56bfc062723c751e8b465ee728b)  -> (artifact id: '6b3c6530ff23c7cc4241f6f08b22cde1') in 0.002576 seconds
Number of updated asset objects reloaded before import = 0
Number of asset objects unloaded after import = 1
========================================================================
Received Import Request.
  Time since last request: 0.000014 seconds.
  path: Assets/tilePalletes/bpwtiles_31.asset
  artifactKey: Guid(9cb358442a838cd41b7b3b379e95cc82) Importer(815301076,1909f56bfc062723c751e8b465ee728b)
Start importing Assets/tilePalletes/bpwtiles_31.asset using Guid(9cb358442a838cd41b7b3b379e95cc82) Importer(815301076,1909f56bfc062723c751e8b465ee728b)  -> (artifact id: 'a682de085c5ac3f0f5cde3787a4b1810') in 0.002616 seconds
Number of updated asset objects reloaded before import = 0
Number of asset objects unloaded after import = 1
========================================================================
Received Import Request.
  Time since last request: 0.000011 seconds.
  path: Assets/tilePalletes/bpwtiles_25.asset
  artifactKey: Guid(bc76a13983ea1344380b8309bb601506) Importer(815301076,1909f56bfc062723c751e8b465ee728b)
Start importing Assets/tilePalletes/bpwtiles_25.asset using Guid(bc76a13983ea1344380b8309bb601506) Importer(815301076,1909f56bfc062723c751e8b465ee728b)  -> (artifact id: 'dd5cf012928c786807fb046b83713951') in 0.002998 seconds
Number of updated asset objects reloaded before import = 0
Number of asset objects unloaded after import = 1
========================================================================
Received Import Request.
  Time since last request: 0.000069 seconds.
  path: Assets/tilePalletes/bpwtiles_22.asset
  artifactKey: Guid(44e259b02ced9fa47bc9eb5bc8e89143) Importer(815301076,1909f56bfc062723c751e8b465ee728b)
Start importing Assets/tilePalletes/bpwtiles_22.asset using Guid(44e259b02ced9fa47bc9eb5bc8e89143) Importer(815301076,1909f56bfc062723c751e8b465ee728b)  -> (artifact id: '6d73002eb98b57f3780dff2cf73755fb') in 0.003227 seconds
Number of updated asset objects reloaded before import = 0
Number of asset objects unloaded after import = 1
========================================================================
Received Import Request.
  Time since last request: 0.000020 seconds.
  path: Assets/tilePalletes/bpwtiles_24.asset
  artifactKey: Guid(9b42cdee256051348bcd7c342fb3bd1c) Importer(815301076,1909f56bfc062723c751e8b465ee728b)
Start importing Assets/tilePalletes/bpwtiles_24.asset using Guid(9b42cdee256051348bcd7c342fb3bd1c) Importer(815301076,1909f56bfc062723c751e8b465ee728b)  -> (artifact id: 'dc9508823e98d7a8ce5f883b116b9065') in 0.002864 seconds
Number of updated asset objects reloaded before import = 0
Number of asset objects unloaded after import = 1
========================================================================
Received Import Request.
  Time since last request: 0.000013 seconds.
  path: Assets/tilePalletes/bpwtiles_14.asset
  artifactKey: Guid(0e316fa76583214468bf366858b995d7) Importer(815301076,1909f56bfc062723c751e8b465ee728b)
Start importing Assets/tilePalletes/bpwtiles_14.asset using Guid(0e316fa76583214468bf366858b995d7) Importer(815301076,1909f56bfc062723c751e8b465ee728b)  -> (artifact id: 'cffb87894ee928d15b2a415e0cd79255') in 0.002158 seconds
Number of updated asset objects reloaded before import = 0
Number of asset objects unloaded after import = 1
========================================================================
Received Import Request.
  Time since last request: 0.530108 seconds.
  path: Assets/tilePalletes/bpwtiles_38.asset
  artifactKey: Guid(27eba08c529fff042ad0fe815bdddd21) Importer(815301076,1909f56bfc062723c751e8b465ee728b)
Start importing Assets/tilePalletes/bpwtiles_38.asset using Guid(27eba08c529fff042ad0fe815bdddd21) Importer(815301076,1909f56bfc062723c751e8b465ee728b)  -> (artifact id: 'a9543c902160bf06cdaeb0f3f59eaf96') in 0.002556 seconds
Number of updated asset objects reloaded before import = 0
Number of asset objects unloaded after import = 1
========================================================================
Received Import Request.
  Time since last request: 0.000013 seconds.
  path: Assets/tilePalletes/bpwtiles_42.asset
  artifactKey: Guid(22c08116e0105c5409f873de1e584395) Importer(815301076,1909f56bfc062723c751e8b465ee728b)
Start importing Assets/tilePalletes/bpwtiles_42.asset using Guid(22c08116e0105c5409f873de1e584395) Importer(815301076,1909f56bfc062723c751e8b465ee728b)  -> (artifact id: 'c34335aca6dd1ef94693307d1e3fc090') in 0.003052 seconds
Number of updated asset objects reloaded before import = 0
Number of asset objects unloaded after import = 1
========================================================================
Received Import Request.
  Time since last request: 0.000050 seconds.
  path: Assets/tilePalletes/bpwtiles_41.asset
  artifactKey: Guid(18529690b1f86d04fb1b7cb83f48eddf) Importer(815301076,1909f56bfc062723c751e8b465ee728b)
Start importing Assets/tilePalletes/bpwtiles_41.asset using Guid(18529690b1f86d04fb1b7cb83f48eddf) Importer(815301076,1909f56bfc062723c751e8b465ee728b)  -> (artifact id: '367653c98fd2bd5a4615b7a91aff1507') in 0.002575 seconds
Number of updated asset objects reloaded before import = 0
Number of asset objects unloaded after import = 1
========================================================================
Received Import Request.
  Time since last request: 0.000019 seconds.
  path: Assets/tilePalletes/bpwtiles_39.asset
  artifactKey: Guid(03db06a4030f0c14fb81ef194fb8c581) Importer(815301076,1909f56bfc062723c751e8b465ee728b)
Start importing Assets/tilePalletes/bpwtiles_39.asset using Guid(03db06a4030f0c14fb81ef194fb8c581) Importer(815301076,1909f56bfc062723c751e8b465ee728b)  -> (artifact id: '26bde0aebd41857797d44518c4f18215') in 0.002842 seconds
Number of updated asset objects reloaded before import = 0
Number of asset objects unloaded after import = 1
========================================================================
Received Import Request.
  Time since last request: 0.000013 seconds.
  path: Assets/tilePalletes/bpwtiles_40.asset
  artifactKey: Guid(c6a73e18c245ec248927a5742dac18c1) Importer(815301076,1909f56bfc062723c751e8b465ee728b)
Start importing Assets/tilePalletes/bpwtiles_40.asset using Guid(c6a73e18c245ec248927a5742dac18c1) Importer(815301076,1909f56bfc062723c751e8b465ee728b)  -> (artifact id: '55b887311db6ff8442245e910e9bf901') in 0.002512 seconds
Number of updated asset objects reloaded before import = 0
Number of asset objects unloaded after import = 1
========================================================================
Received Import Request.
  Time since last request: 0.000042 seconds.
  path: Assets/tilePalletes/bpwtiles_47.asset
  artifactKey: Guid(f27208a96bf07e046854de5bc5a7d4d6) Importer(815301076,1909f56bfc062723c751e8b465ee728b)
Start importing Assets/tilePalletes/bpwtiles_47.asset using Guid(f27208a96bf07e046854de5bc5a7d4d6) Importer(815301076,1909f56bfc062723c751e8b465ee728b)  -> (artifact id: '5c12e21b572b266ef449c7b4df680b67') in 0.002631 seconds
Number of updated asset objects reloaded before import = 0
Number of asset objects unloaded after import = 1
========================================================================
Received Import Request.
  Time since last request: 0.000016 seconds.
  path: Assets/tilePalletes/bpwtiles_44.asset
  artifactKey: Guid(fe41e1d47b6dbc846828c4c590c24eea) Importer(815301076,1909f56bfc062723c751e8b465ee728b)
Start importing Assets/tilePalletes/bpwtiles_44.asset using Guid(fe41e1d47b6dbc846828c4c590c24eea) Importer(815301076,1909f56bfc062723c751e8b465ee728b)  -> (artifact id: '26bacdcd40e23b91b4c3c41290b0c24e') in 0.003907 seconds
Number of updated asset objects reloaded before import = 0
Number of asset objects unloaded after import = 1
========================================================================
Received Import Request.
  Time since last request: 0.016533 seconds.
  path: Assets/tilePalletes/bpwtiles_52.asset
  artifactKey: Guid(47d90310bebcac74db9ad1d93c9fe37d) Importer(815301076,1909f56bfc062723c751e8b465ee728b)
Start importing Assets/tilePalletes/bpwtiles_52.asset using Guid(47d90310bebcac74db9ad1d93c9fe37d) Importer(815301076,1909f56bfc062723c751e8b465ee728b)  -> (artifact id: '5c4a09062261a12fdbdda7f43c4de1e6') in 0.001991 seconds
Number of updated asset objects reloaded before import = 0
Number of asset objects unloaded after import = 1
========================================================================
Received Import Request.
  Time since last request: 0.000129 seconds.
  path: Assets/tilePalletes/bpwtiles_58.asset
  artifactKey: Guid(9057f65c382e0eb4192cf7cd545def24) Importer(815301076,1909f56bfc062723c751e8b465ee728b)
Start importing Assets/tilePalletes/bpwtiles_58.asset using Guid(9057f65c382e0eb4192cf7cd545def24) Importer(815301076,1909f56bfc062723c751e8b465ee728b)  -> (artifact id: '73cb0492a4143996356fba7865d54422') in 0.002271 seconds
Number of updated asset objects reloaded before import = 0
Number of asset objects unloaded after import = 1
========================================================================
Received Import Request.
  Time since last request: 0.000030 seconds.
  path: Assets/tilePalletes/bpwtiles_53.asset
  artifactKey: Guid(7bf1a23cf4c7a36469622251a2bae8cf) Importer(815301076,1909f56bfc062723c751e8b465ee728b)
Start importing Assets/tilePalletes/bpwtiles_53.asset using Guid(7bf1a23cf4c7a36469622251a2bae8cf) Importer(815301076,1909f56bfc062723c751e8b465ee728b)  -> (artifact id: '0dfe5cff6fc7365382d24f8fd14593ac') in 0.005174 seconds
Number of updated asset objects reloaded before import = 0
Number of asset objects unloaded after import = 1
========================================================================
Received Import Request.
  Time since last request: 0.000092 seconds.
  path: Assets/tilePalletes/bpwtiles_55.asset
  artifactKey: Guid(c228f43f1527b6b4a836b7d7a9137ca9) Importer(815301076,1909f56bfc062723c751e8b465ee728b)
Start importing Assets/tilePalletes/bpwtiles_55.asset using Guid(c228f43f1527b6b4a836b7d7a9137ca9) Importer(815301076,1909f56bfc062723c751e8b465ee728b)  -> (artifact id: '635d28a0a821c15b6358751e6d04688c') in 0.002146 seconds
Number of updated asset objects reloaded before import = 0
Number of asset objects unloaded after import = 1
========================================================================
Received Import Request.
  Time since last request: 0.000068 seconds.
  path: Assets/tilePalletes/bpwtiles_62.asset
  artifactKey: Guid(50b2c97ae49b9294d89df13da3fde72f) Importer(815301076,1909f56bfc062723c751e8b465ee728b)
Start importing Assets/tilePalletes/bpwtiles_62.asset using Guid(50b2c97ae49b9294d89df13da3fde72f) Importer(815301076,1909f56bfc062723c751e8b465ee728b)  -> (artifact id: '36fa217c4d5fd22f91d37a38555411b4') in 0.002588 seconds
Number of updated asset objects reloaded before import = 0
Number of asset objects unloaded after import = 1
========================================================================
Received Import Request.
  Time since last request: 0.000017 seconds.
  path: Assets/tilePalletes/bpwtiles_59.asset
  artifactKey: Guid(5b5a71cbcbb2abc4da47b3b68817a16f) Importer(815301076,1909f56bfc062723c751e8b465ee728b)
Start importing Assets/tilePalletes/bpwtiles_59.asset using Guid(5b5a71cbcbb2abc4da47b3b68817a16f) Importer(815301076,1909f56bfc062723c751e8b465ee728b)  -> (artifact id: 'e69f0bb55ae3cbd18d98baf2d71edabb') in 0.002423 seconds
Number of updated asset objects reloaded before import = 0
Number of asset objects unloaded after import = 1
========================================================================
Received Import Request.
  Time since last request: 0.000015 seconds.
  path: Assets/tilePalletes/bpwtiles_60.asset
  artifactKey: Guid(8ff43351944384a4db11d512f3f6639d) Importer(815301076,1909f56bfc062723c751e8b465ee728b)
Start importing Assets/tilePalletes/bpwtiles_60.asset using Guid(8ff43351944384a4db11d512f3f6639d) Importer(815301076,1909f56bfc062723c751e8b465ee728b)  -> (artifact id: '18c7237a37fe99b7c4e9ee126c69802f') in 0.002474 seconds
Number of updated asset objects reloaded before import = 0
Number of asset objects unloaded after import = 1
========================================================================
Received Import Request.
  Time since last request: 0.099651 seconds.
  path: Assets/tilePalletes/bpwtiles_66.asset
  artifactKey: Guid(7c0e55ef024c4284894f59cefe8f91b5) Importer(815301076,1909f56bfc062723c751e8b465ee728b)
Start importing Assets/tilePalletes/bpwtiles_66.asset using Guid(7c0e55ef024c4284894f59cefe8f91b5) Importer(815301076,1909f56bfc062723c751e8b465ee728b)  -> (artifact id: 'ad5b45e18fba301abf66a1b32549d450') in 0.002099 seconds
Number of updated asset objects reloaded before import = 0
Number of asset objects unloaded after import = 1
========================================================================
Received Import Request.
  Time since last request: 0.000017 seconds.
  path: Assets/tilePalletes/bpwtiles_72.asset
  artifactKey: Guid(b229f42f32b63274ba15a4ee034fbdfc) Importer(815301076,1909f56bfc062723c751e8b465ee728b)
Start importing Assets/tilePalletes/bpwtiles_72.asset using Guid(b229f42f32b63274ba15a4ee034fbdfc) Importer(815301076,1909f56bfc062723c751e8b465ee728b)  -> (artifact id: '42b3fe81b8fb75f0e72b93a58467d2f0') in 0.002776 seconds
Number of updated asset objects reloaded before import = 0
Number of asset objects unloaded after import = 1
========================================================================
Received Import Request.
  Time since last request: 0.000089 seconds.
  path: Assets/tilePalletes/bpwtiles_68.asset
  artifactKey: Guid(91bb6f9a3f370e540a43a81b61f8adc3) Importer(815301076,1909f56bfc062723c751e8b465ee728b)
Start importing Assets/tilePalletes/bpwtiles_68.asset using Guid(91bb6f9a3f370e540a43a81b61f8adc3) Importer(815301076,1909f56bfc062723c751e8b465ee728b)  -> (artifact id: '5ae1e082ce8cff45599170e70b524993') in 0.002965 seconds
Number of updated asset objects reloaded before import = 0
Number of asset objects unloaded after import = 1
========================================================================
Received Import Request.
  Time since last request: 0.000013 seconds.
  path: Assets/tilePalletes/bpwtiles_75.asset
  artifactKey: Guid(d39f5ae54f2c17441b23e96d71520a6a) Importer(815301076,1909f56bfc062723c751e8b465ee728b)
Start importing Assets/tilePalletes/bpwtiles_75.asset using Guid(d39f5ae54f2c17441b23e96d71520a6a) Importer(815301076,1909f56bfc062723c751e8b465ee728b)  -> (artifact id: '8bade190f4ddb5652d5789dab8dfe122') in 0.002470 seconds
Number of updated asset objects reloaded before import = 0
Number of asset objects unloaded after import = 1
========================================================================
Received Import Request.
  Time since last request: 0.000018 seconds.
  path: Assets/tilePalletes/bpwtiles_78.asset
  artifactKey: Guid(ba7f233f4ea03b243962b5e4e756d8c3) Importer(815301076,1909f56bfc062723c751e8b465ee728b)
Start importing Assets/tilePalletes/bpwtiles_78.asset using Guid(ba7f233f4ea03b243962b5e4e756d8c3) Importer(815301076,1909f56bfc062723c751e8b465ee728b)  -> (artifact id: '32ea525d3d5345777c967933177bd054') in 0.003409 seconds
Number of updated asset objects reloaded before import = 0
Number of asset objects unloaded after import = 1
========================================================================
Received Import Request.
  Time since last request: 0.000013 seconds.
  path: Assets/tilePalletes/bpwtiles_76.asset
  artifactKey: Guid(efcca658f65636f4388e54bc81633f2a) Importer(815301076,1909f56bfc062723c751e8b465ee728b)
Start importing Assets/tilePalletes/bpwtiles_76.asset using Guid(efcca658f65636f4388e54bc81633f2a) Importer(815301076,1909f56bfc062723c751e8b465ee728b)  -> (artifact id: '3e8ebb36a8848d87ad96676a26ee81f8') in 0.003195 seconds
Number of updated asset objects reloaded before import = 0
Number of asset objects unloaded after import = 1
========================================================================
Received Import Request.
  Time since last request: 0.000021 seconds.
  path: Assets/tilePalletes/bpwtiles_69.asset
  artifactKey: Guid(01414b0fa5c6ef144ba499462e2adc5e) Importer(815301076,1909f56bfc062723c751e8b465ee728b)
Start importing Assets/tilePalletes/bpwtiles_69.asset using Guid(01414b0fa5c6ef144ba499462e2adc5e) Importer(815301076,1909f56bfc062723c751e8b465ee728b)  -> (artifact id: '8388ea0e3b9e1dc25288f08de4abecba') in 0.002674 seconds
Number of updated asset objects reloaded before import = 0
Number of asset objects unloaded after import = 1
========================================================================
Received Import Request.
  Time since last request: 2.075325 seconds.
  path: Assets/tilePalletes/bpwtiles_82.asset
  artifactKey: Guid(87cba636a3cfd3143b24638d0b0c3a5d) Importer(815301076,1909f56bfc062723c751e8b465ee728b)
Start importing Assets/tilePalletes/bpwtiles_82.asset using Guid(87cba636a3cfd3143b24638d0b0c3a5d) Importer(815301076,1909f56bfc062723c751e8b465ee728b)  -> (artifact id: '6ac9231317df7aa1b394b83ffef6a622') in 0.002676 seconds
Number of updated asset objects reloaded before import = 0
Number of asset objects unloaded after import = 1
========================================================================
Received Import Request.
  Time since last request: 0.000106 seconds.
  path: Assets/tilePalletes/bpwtiles_89.asset
  artifactKey: Guid(0df6ba9b804624641971d1e3739ed261) Importer(815301076,1909f56bfc062723c751e8b465ee728b)
Start importing Assets/tilePalletes/bpwtiles_89.asset using Guid(0df6ba9b804624641971d1e3739ed261) Importer(815301076,1909f56bfc062723c751e8b465ee728b)  -> (artifact id: '42242858c9619087d129fe9ef2c9763f') in 0.002559 seconds
Number of updated asset objects reloaded before import = 0
Number of asset objects unloaded after import = 1
========================================================================
Received Import Request.
  Time since last request: 0.000011 seconds.
  path: Assets/tilePalletes/bpwtiles_91.asset
  artifactKey: Guid(7aa7d289bdc5a2247a91af0c91ac023a) Importer(815301076,1909f56bfc062723c751e8b465ee728b)
Start importing Assets/tilePalletes/bpwtiles_91.asset using Guid(7aa7d289bdc5a2247a91af0c91ac023a) Importer(815301076,1909f56bfc062723c751e8b465ee728b)  -> (artifact id: 'a84379b73528127a0b39b71c1350add1') in 0.002714 seconds
Number of updated asset objects reloaded before import = 0
Number of asset objects unloaded after import = 1
========================================================================
Received Import Request.
  Time since last request: 0.000014 seconds.
  path: Assets/tilePalletes/bpwtiles_92.asset
  artifactKey: Guid(6f2173e563e94df4f999b38267fe34f1) Importer(815301076,1909f56bfc062723c751e8b465ee728b)
Start importing Assets/tilePalletes/bpwtiles_92.asset using Guid(6f2173e563e94df4f999b38267fe34f1) Importer(815301076,1909f56bfc062723c751e8b465ee728b)  -> (artifact id: 'a03d668bb417e9bc85f2b8ad2f66c153') in 0.003204 seconds
Number of updated asset objects reloaded before import = 0
Number of asset objects unloaded after import = 1
========================================================================
Received Import Request.
  Time since last request: 0.236607 seconds.
  path: Assets/tilePalletes/bpwtiles_97.asset
  artifactKey: Guid(535cd043cf49a2140bd488be1635a4d6) Importer(815301076,1909f56bfc062723c751e8b465ee728b)
Start importing Assets/tilePalletes/bpwtiles_97.asset using Guid(535cd043cf49a2140bd488be1635a4d6) Importer(815301076,1909f56bfc062723c751e8b465ee728b)  -> (artifact id: '1f1e185713919facc72822580c47264a') in 0.002587 seconds
Number of updated asset objects reloaded before import = 0
Number of asset objects unloaded after import = 1
========================================================================
Received Import Request.
  Time since last request: 0.000009 seconds.
  path: Assets/tilePalletes/bpwtiles_99.asset
  artifactKey: Guid(51391951b9c1fc941892182071dbc2d5) Importer(815301076,1909f56bfc062723c751e8b465ee728b)
Start importing Assets/tilePalletes/bpwtiles_99.asset using Guid(51391951b9c1fc941892182071dbc2d5) Importer(815301076,1909f56bfc062723c751e8b465ee728b)  -> (artifact id: 'f83264b773985c246f0de383fa6b0fee') in 0.002383 seconds
Number of updated asset objects reloaded before import = 0
Number of asset objects unloaded after import = 1
========================================================================
Received Import Request.
  Time since last request: 0.032598 seconds.
  path: Assets/tilePalletes/bpwtiles_110.asset
  artifactKey: Guid(b4031bf7515d76b468d05afa8b65793b) Importer(815301076,1909f56bfc062723c751e8b465ee728b)
Start importing Assets/tilePalletes/bpwtiles_110.asset using Guid(b4031bf7515d76b468d05afa8b65793b) Importer(815301076,1909f56bfc062723c751e8b465ee728b)  -> (artifact id: '3b9e9f4a2ce0f4254e1c8855b1bd3ce6') in 0.001955 seconds
Number of updated asset objects reloaded before import = 0
Number of asset objects unloaded after import = 1
========================================================================
Received Import Request.
  Time since last request: 0.000013 seconds.
  path: Assets/tilePalletes/bpwtiles_130.asset
  artifactKey: Guid(b5be64d91c2777e4d902521222c83d08) Importer(815301076,1909f56bfc062723c751e8b465ee728b)
Start importing Assets/tilePalletes/bpwtiles_130.asset using Guid(b5be64d91c2777e4d902521222c83d08) Importer(815301076,1909f56bfc062723c751e8b465ee728b)  -> (artifact id: '07a9a20eeda8ab030418a08c39a8202c') in 0.001896 seconds
Number of updated asset objects reloaded before import = 0
Number of asset objects unloaded after import = 1
========================================================================
Received Import Request.
  Time since last request: 0.000020 seconds.
  path: Assets/tilePalletes/bpwtiles_112.asset
  artifactKey: Guid(926f539b0d3f8424ca55a7ba6c30f66b) Importer(815301076,1909f56bfc062723c751e8b465ee728b)
Start importing Assets/tilePalletes/bpwtiles_112.asset using Guid(926f539b0d3f8424ca55a7ba6c30f66b) Importer(815301076,1909f56bfc062723c751e8b465ee728b)  -> (artifact id: '9c78e9498e742f9038f5f8be76477a12') in 0.002910 seconds
Number of updated asset objects reloaded before import = 0
Number of asset objects unloaded after import = 1
========================================================================
Received Import Request.
  Time since last request: 0.000011 seconds.
  path: Assets/tilePalletes/bpwtiles_114.asset
  artifactKey: Guid(b7f66b4a5d55ce545850f30f28785a68) Importer(815301076,1909f56bfc062723c751e8b465ee728b)
Start importing Assets/tilePalletes/bpwtiles_114.asset using Guid(b7f66b4a5d55ce545850f30f28785a68) Importer(815301076,1909f56bfc062723c751e8b465ee728b)  -> (artifact id: '288de046cc84a9f758bda365eedbeb6c') in 0.002059 seconds
Number of updated asset objects reloaded before import = 0
Number of asset objects unloaded after import = 1
========================================================================
Received Import Request.
  Time since last request: 0.000026 seconds.
  path: Assets/tilePalletes/bpwtiles_116.asset
  artifactKey: Guid(a7317d01eab6d0346ba1421d54545a8d) Importer(815301076,1909f56bfc062723c751e8b465ee728b)
Start importing Assets/tilePalletes/bpwtiles_116.asset using Guid(a7317d01eab6d0346ba1421d54545a8d) Importer(815301076,1909f56bfc062723c751e8b465ee728b)  -> (artifact id: '441a111a7926f56f98af06d4281e9da3') in 0.001893 seconds
Number of updated asset objects reloaded before import = 0
Number of asset objects unloaded after import = 1
========================================================================
Received Import Request.
  Time since last request: 0.233021 seconds.
  path: Assets/tilePalletes/bpwtiles_138.asset
  artifactKey: Guid(b3b7d9d91bb302a41a4324bd1bcaa245) Importer(815301076,1909f56bfc062723c751e8b465ee728b)
Start importing Assets/tilePalletes/bpwtiles_138.asset using Guid(b3b7d9d91bb302a41a4324bd1bcaa245) Importer(815301076,1909f56bfc062723c751e8b465ee728b)  -> (artifact id: 'f7f17688ae65ddf9fb15738fc563d63b') in 0.002462 seconds
Number of updated asset objects reloaded before import = 0
Number of asset objects unloaded after import = 1
========================================================================
Received Import Request.
  Time since last request: 0.004604 seconds.
  path: Assets/tilePalletes/bpwtiles_143.asset
  artifactKey: Guid(af51cfb8ba9239a468e44a019f8e42c7) Importer(815301076,1909f56bfc062723c751e8b465ee728b)
Start importing Assets/tilePalletes/bpwtiles_143.asset using Guid(af51cfb8ba9239a468e44a019f8e42c7) Importer(815301076,1909f56bfc062723c751e8b465ee728b)  -> (artifact id: '507aaded59ce3c3c71e3d99d6a5e5763') in 0.002907 seconds
Number of updated asset objects reloaded before import = 0
Number of asset objects unloaded after import = 1
========================================================================
Received Import Request.
  Time since last request: 0.000163 seconds.
  path: Assets/tilePalletes/bpwtiles_144.asset
  artifactKey: Guid(a46ba4added9f00449279dc7526750be) Importer(815301076,1909f56bfc062723c751e8b465ee728b)
Start importing Assets/tilePalletes/bpwtiles_144.asset using Guid(a46ba4added9f00449279dc7526750be) Importer(815301076,1909f56bfc062723c751e8b465ee728b)  -> (artifact id: '6dda18c2981d29c4794a54b96c014de9') in 0.001884 seconds
Number of updated asset objects reloaded before import = 0
Number of asset objects unloaded after import = 1
========================================================================
Received Import Request.
  Time since last request: 0.000120 seconds.
  path: Assets/tilePalletes/bpwtiles_152.asset
  artifactKey: Guid(82ead11708c9ef14383dc2a46e220e52) Importer(815301076,1909f56bfc062723c751e8b465ee728b)
Start importing Assets/tilePalletes/bpwtiles_152.asset using Guid(82ead11708c9ef14383dc2a46e220e52) Importer(815301076,1909f56bfc062723c751e8b465ee728b)  -> (artifact id: '90763574ebd1eae0fab7060c6825b586') in 0.001843 seconds
Number of updated asset objects reloaded before import = 0
Number of asset objects unloaded after import = 1
========================================================================
Received Import Request.
  Time since last request: 0.000182 seconds.
  path: Assets/tilePalletes/bpwtiles_160.asset
  artifactKey: Guid(0fdb55cb91aabba42ab409bf185e8459) Importer(815301076,1909f56bfc062723c751e8b465ee728b)
Start importing Assets/tilePalletes/bpwtiles_160.asset using Guid(0fdb55cb91aabba42ab409bf185e8459) Importer(815301076,1909f56bfc062723c751e8b465ee728b)  -> (artifact id: '5faaf17d50d68f8455249f1b87c7ab8d') in 0.002033 seconds
Number of updated asset objects reloaded before import = 0
Number of asset objects unloaded after import = 1
========================================================================
Received Import Request.
  Time since last request: 0.000012 seconds.
  path: Assets/tilePalletes/bpwtiles_155.asset
  artifactKey: Guid(93953b0f32758774e87d5002bc2d8c86) Importer(815301076,1909f56bfc062723c751e8b465ee728b)
Start importing Assets/tilePalletes/bpwtiles_155.asset using Guid(93953b0f32758774e87d5002bc2d8c86) Importer(815301076,1909f56bfc062723c751e8b465ee728b)  -> (artifact id: '1a15a45d45b3a3fe7ffd8dbe898de28d') in 0.001832 seconds
Number of updated asset objects reloaded before import = 0
Number of asset objects unloaded after import = 1
========================================================================
Received Import Request.
  Time since last request: 0.002742 seconds.
  path: Assets/tilePalletes/bpwtiles_165.asset
  artifactKey: Guid(04612fe177676b44cad62c5410166454) Importer(815301076,1909f56bfc062723c751e8b465ee728b)
Start importing Assets/tilePalletes/bpwtiles_165.asset using Guid(04612fe177676b44cad62c5410166454) Importer(815301076,1909f56bfc062723c751e8b465ee728b)  -> (artifact id: 'c811b187d55e63de39f24882283b0dfc') in 0.001893 seconds
Number of updated asset objects reloaded before import = 0
Number of asset objects unloaded after import = 1
========================================================================
Received Import Request.
  Time since last request: 0.000010 seconds.
  path: Assets/tilePalletes/bpwtiles_168.asset
  artifactKey: Guid(98368e93c48c97041906eb7c1b7c265b) Importer(815301076,1909f56bfc062723c751e8b465ee728b)
Start importing Assets/tilePalletes/bpwtiles_168.asset using Guid(98368e93c48c97041906eb7c1b7c265b) Importer(815301076,1909f56bfc062723c751e8b465ee728b)  -> (artifact id: '79050ec018417b361823532f10144b04') in 0.002805 seconds
Number of updated asset objects reloaded before import = 0
Number of asset objects unloaded after import = 1
========================================================================
Received Import Request.
  Time since last request: 0.000015 seconds.
  path: Assets/tilePalletes/bpwtiles_170.asset
  artifactKey: Guid(65e416a1bf1bf5d40a17057601bb2660) Importer(815301076,1909f56bfc062723c751e8b465ee728b)
Start importing Assets/tilePalletes/bpwtiles_170.asset using Guid(65e416a1bf1bf5d40a17057601bb2660) Importer(815301076,1909f56bfc062723c751e8b465ee728b)  -> (artifact id: 'ff90677d68260316974e7599ce716181') in 0.002511 seconds
Number of updated asset objects reloaded before import = 0
Number of asset objects unloaded after import = 1
Editor requested this worker to shutdown with reason: Scaling down because of idle timeout
TcpMessagingSession - receive error: operation aborted. errorcode: 995, details: The I/O operation has been aborted because of either a thread exit or an application request.
AssetImportWorker is now disconnected from the server
Process exiting
Exiting without the bug reporter. Application will terminate with return code 0