Using pre-set license
Built from '2022.3/staging' branch; Version is '2022.3.8f1 (b5eafc012955) revision 11922172'; Using compiler version '192829333'; Build Type 'Release'
OS: 'Windows 11  (10.0.22631) 64bit Core' Language: 'en' Physical Memory: 32492 MB
BatchMode: 1, IsHumanControllingUs: 0, StartBugReporterOnCrash: 0, Is64bit: 1, IsPro: 1

COMMAND LINE ARGUMENTS:
C:\Program Files\Unity\Hub\Editor\2022.3.8f1\Editor\Unity.exe
-adb2
-batchMode
-noUpm
-name
AssetImportWorker3
-projectPath
C:/Users/maxdo/Desktop/BPW2 Game FInal/FinalToHandIn/BPW2_project_final/BPW2FinalGame
-logFile
Logs/AssetImportWorker3.log
-srvPort
51035
Successfully changed project path to: C:/Users/maxdo/Desktop/BPW2 Game FInal/FinalToHandIn/BPW2_project_final/BPW2FinalGame
C:/Users/maxdo/Desktop/BPW2 Game FInal/FinalToHandIn/BPW2_project_final/BPW2FinalGame
[UnityMemory] Configuration Parameters - Can be set up in boot.config
    "memorysetup-bucket-allocator-granularity=16"
    "memorysetup-bucket-allocator-bucket-count=8"
    "memorysetup-bucket-allocator-block-size=33554432"
    "memorysetup-bucket-allocator-block-count=8"
    "memorysetup-main-allocator-block-size=16777216"
    "memorysetup-thread-allocator-block-size=16777216"
    "memorysetup-gfx-main-allocator-block-size=16777216"
    "memorysetup-gfx-thread-allocator-block-size=16777216"
    "memorysetup-cache-allocator-block-size=4194304"
    "memorysetup-typetree-allocator-block-size=2097152"
    "memorysetup-profiler-bucket-allocator-granularity=16"
    "memorysetup-profiler-bucket-allocator-bucket-count=8"
    "memorysetup-profiler-bucket-allocator-block-size=33554432"
    "memorysetup-profiler-bucket-allocator-block-count=8"
    "memorysetup-profiler-allocator-block-size=16777216"
    "memorysetup-profiler-editor-allocator-block-size=1048576"
    "memorysetup-temp-allocator-size-main=16777216"
    "memorysetup-job-temp-allocator-block-size=2097152"
    "memorysetup-job-temp-allocator-block-size-background=1048576"
    "memorysetup-job-temp-allocator-reduction-small-platforms=262144"
    "memorysetup-allocator-temp-initial-block-size-main=262144"
    "memorysetup-allocator-temp-initial-block-size-worker=262144"
    "memorysetup-temp-allocator-size-background-worker=32768"
    "memorysetup-temp-allocator-size-job-worker=262144"
    "memorysetup-temp-allocator-size-preload-manager=33554432"
    "memorysetup-temp-allocator-size-nav-mesh-worker=65536"
    "memorysetup-temp-allocator-size-audio-worker=65536"
    "memorysetup-temp-allocator-size-cloud-worker=32768"
    "memorysetup-temp-allocator-size-gi-baking-worker=262144"
    "memorysetup-temp-allocator-size-gfx=262144"
Player connection [28644] Host "[IP] 192.168.178.10 [Port] 0 [Flags] 2 [Guid] 466707952 [EditorId] 466707952 [Version] 1048832 [Id] WindowsEditor(7,Asphodel) [Debug] 1 [PackageName] WindowsEditor [ProjectName] Editor" joined multi-casting on [225.0.0.222:54997]...

Player connection [28644] Host "[IP] 192.168.178.10 [Port] 0 [Flags] 2 [Guid] 466707952 [EditorId] 466707952 [Version] 1048832 [Id] WindowsEditor(7,Asphodel) [Debug] 1 [PackageName] WindowsEditor [ProjectName] Editor" joined alternative multi-casting on [225.0.0.222:34997]...

[Physics::Module] Initialized MultithreadedJobDispatcher with 19 workers.
Refreshing native plugins compatible for Editor in 14.62 ms, found 4 plugins.
Preloading 0 native plugins for Editor in 0.00 ms.
Initialize engine version: 2022.3.8f1 (b5eafc012955)
[Subsystems] Discovering subsystems at path C:/Program Files/Unity/Hub/Editor/2022.3.8f1/Editor/Data/Resources/UnitySubsystems
[Subsystems] Discovering subsystems at path C:/Users/maxdo/Desktop/BPW2 Game FInal/FinalToHandIn/BPW2_project_final/BPW2FinalGame/Assets
GfxDevice: creating device client; threaded=0; jobified=0
Direct3D:
    Version:  Direct3D 11.0 [level 11.1]
    Renderer: NVIDIA GeForce RTX 3060 Laptop GPU (ID=0x2560)
    Vendor:   NVIDIA
    VRAM:     5996 MB
    Driver:   31.0.15.5176
Initialize mono
Mono path[0] = 'C:/Program Files/Unity/Hub/Editor/2022.3.8f1/Editor/Data/Managed'
Mono path[1] = 'C:/Program Files/Unity/Hub/Editor/2022.3.8f1/Editor/Data/MonoBleedingEdge/lib/mono/unityjit-win32'
Mono config path = 'C:/Program Files/Unity/Hub/Editor/2022.3.8f1/Editor/Data/MonoBleedingEdge/etc'
Using monoOptions --debugger-agent=transport=dt_socket,embedding=1,server=y,suspend=n,address=127.0.0.1:56756
Begin MonoManager ReloadAssembly
Registering precompiled unity dll's ...
Register platform support module: C:/Program Files/Unity/Hub/Editor/2022.3.8f1/Editor/Data/PlaybackEngines/WebGLSupport/UnityEditor.WebGL.Extensions.dll
Register platform support module: C:/Program Files/Unity/Hub/Editor/2022.3.8f1/Editor/Data/PlaybackEngines/WindowsStandaloneSupport/UnityEditor.WindowsStandalone.Extensions.dll
Registered in 0.009945 seconds.
- Loaded All Assemblies, in  0.319 seconds
Native extension for WindowsStandalone target not found
Native extension for WebGL target not found
Mono: successfully reloaded assembly
- Finished resetting the current domain, in  0.205 seconds
Domain Reload Profiling: 522ms
	BeginReloadAssembly (101ms)
		ExecutionOrderSort (0ms)
		DisableScriptedObjects (0ms)
		BackupInstance (0ms)
		ReleaseScriptingObjects (0ms)
		CreateAndSetChildDomain (1ms)
	RebuildCommonClasses (27ms)
	RebuildNativeTypeToScriptingClass (8ms)
	initialDomainReloadingComplete (56ms)
	LoadAllAssembliesAndSetupDomain (125ms)
		LoadAssemblies (98ms)
		RebuildTransferFunctionScriptingTraits (0ms)
		AnalyzeDomain (123ms)
			TypeCache.Refresh (122ms)
				TypeCache.ScanAssembly (111ms)
			ScanForSourceGeneratedMonoScriptInfo (0ms)
			ResolveRequiredComponents (0ms)
	FinalizeReload (205ms)
		ReleaseScriptCaches (0ms)
		RebuildScriptCaches (0ms)
		SetupLoadedEditorAssemblies (157ms)
			LogAssemblyErrors (0ms)
			InitializePlatformSupportModulesInManaged (9ms)
			SetLoadedEditorAssemblies (4ms)
			RefreshPlugins (0ms)
			BeforeProcessingInitializeOnLoad (2ms)
			ProcessInitializeOnLoadAttributes (98ms)
			ProcessInitializeOnLoadMethodAttributes (44ms)
			AfterProcessingInitializeOnLoad (0ms)
			EditorAssembliesLoaded (0ms)
		ExecutionOrderSort2 (0ms)
		AwakeInstancesAfterBackupRestoration (0ms)
========================================================================
Worker process is ready to serve import requests
Begin MonoManager ReloadAssembly
- Loaded All Assemblies, in  0.744 seconds
Refreshing native plugins compatible for Editor in 6.30 ms, found 4 plugins.
Native extension for WindowsStandalone target not found
Native extension for WebGL target not found
Package Manager log level set to [2]
[Package Manager] Server::EnsureServerProcessIsRunning -- launch failed, reason: Unity was launched with the -noUpm command-line argument
[Package Manager] UpmClient::Send -- Unable to send message (not connected to UPM process).
[Package Manager] Cannot connect to Unity Package Manager local server
Mono: successfully reloaded assembly
- Finished resetting the current domain, in  0.629 seconds
Domain Reload Profiling: 1367ms
	BeginReloadAssembly (165ms)
		ExecutionOrderSort (0ms)
		DisableScriptedObjects (7ms)
		BackupInstance (0ms)
		ReleaseScriptingObjects (0ms)
		CreateAndSetChildDomain (19ms)
	RebuildCommonClasses (36ms)
	RebuildNativeTypeToScriptingClass (10ms)
	initialDomainReloadingComplete (43ms)
	LoadAllAssembliesAndSetupDomain (482ms)
		LoadAssemblies (385ms)
		RebuildTransferFunctionScriptingTraits (0ms)
		AnalyzeDomain (198ms)
			TypeCache.Refresh (166ms)
				TypeCache.ScanAssembly (152ms)
			ScanForSourceGeneratedMonoScriptInfo (24ms)
			ResolveRequiredComponents (8ms)
	FinalizeReload (629ms)
		ReleaseScriptCaches (0ms)
		RebuildScriptCaches (0ms)
		SetupLoadedEditorAssemblies (485ms)
			LogAssemblyErrors (0ms)
			InitializePlatformSupportModulesInManaged (6ms)
			SetLoadedEditorAssemblies (3ms)
			RefreshPlugins (0ms)
			BeforeProcessingInitializeOnLoad (68ms)
			ProcessInitializeOnLoadAttributes (320ms)
			ProcessInitializeOnLoadMethodAttributes (74ms)
			AfterProcessingInitializeOnLoad (14ms)
			EditorAssembliesLoaded (0ms)
		ExecutionOrderSort2 (0ms)
		AwakeInstancesAfterBackupRestoration (6ms)
Launched and connected shader compiler UnityShaderCompiler.exe after 0.06 seconds
Refreshing native plugins compatible for Editor in 6.78 ms, found 4 plugins.
Preloading 0 native plugins for Editor in 0.00 ms.
Unloading 6419 Unused Serialized files (Serialized files now loaded: 0)
Unloading 107 unused Assets / (1.5 MB). Loaded Objects now: 6873.
Memory consumption went from 245.1 MB to 243.6 MB.
Total: 3.525900 ms (FindLiveObjects: 0.329100 ms CreateObjectMapping: 0.201700 ms MarkObjects: 2.620200 ms  DeleteObjects: 0.373800 ms)

AssetImportParameters requested are different than current active one (requested -> active):
  custom:container-demuxer-ogg: 62fdf1f143b41e24485cea50d1cbac27 -> 
  custom:framework-win-MediaFoundation: 216162199b28c13a410421893ffa2e32 -> 
  custom:container-muxer-webm: aa71ff27fc2769a1b78a27578f13a17b -> 
  custom:video-decoder-webm-vp8: 9c59270c3fd7afecdb556c50c9e8de78 -> 
  custom:SearchIndexIgnoredProperties: e643bd26f0fe6173181afceb89e7c659 -> 
  custom:AudioImporter_EditorPlatform: d09bf68614088b80899f8185d706f6e7 -> 
  custom:audio-decoder-ogg-vorbis: bf7c407c2cedff20999df2af8eb42d56 -> 
  custom:audio-encoder-webm-vorbis: bf7c407c2cedff20999df2af8eb42d56 -> 
  custom:video-codec-MediaFoundation-h265: 746d11721c4dcdbdad8f713fa42b33f4 -> 
  custom:video-decoder-ogg-theora: a1e56fd34408186e4bbccfd4996cb3dc -> 
  custom:CustomObjectIndexerAttribute: a3ef5dd2817f97addfee359851a9dba5 -> 
  custom:container-demuxer-webm: 4f35f7cbe854078d1ac9338744f61a02 -> 
  custom:video-encoder-webm-vp8: eb34c28f22e8b96e1ab97ce403110664 -> 
========================================================================
Received Import Request.
  Time since last request: 142751.552998 seconds.
  path: Assets/tilePalletes/bpwtiles_83.asset
  artifactKey: Guid(a0f1cf256cf1034479f2ebb7328f47e1) Importer(815301076,1909f56bfc062723c751e8b465ee728b)
Start importing Assets/tilePalletes/bpwtiles_83.asset using Guid(a0f1cf256cf1034479f2ebb7328f47e1) Importer(815301076,1909f56bfc062723c751e8b465ee728b)  -> (artifact id: '5ac143af2a3b5a8a03e0fedad313dc9b') in 0.034013 seconds
Number of updated asset objects reloaded before import = 0
Number of asset objects unloaded after import = 1
========================================================================
Received Import Request.
  Time since last request: 0.000012 seconds.
  path: Assets/tilePalletes/bpwtiles_85.asset
  artifactKey: Guid(1e129bcc37da2a949a823d7808e027b8) Importer(815301076,1909f56bfc062723c751e8b465ee728b)
Start importing Assets/tilePalletes/bpwtiles_85.asset using Guid(1e129bcc37da2a949a823d7808e027b8) Importer(815301076,1909f56bfc062723c751e8b465ee728b)  -> (artifact id: 'b708a70464e61f2c5e4726dd7e102c9b') in 0.002034 seconds
Number of updated asset objects reloaded before import = 0
Number of asset objects unloaded after import = 1
========================================================================
Received Import Request.
  Time since last request: 0.230971 seconds.
  path: Assets/tilePalletes/bpwtiles_98.asset
  artifactKey: Guid(b27edb05c4530794b81dce9edb1f8ab0) Importer(815301076,1909f56bfc062723c751e8b465ee728b)
Start importing Assets/tilePalletes/bpwtiles_98.asset using Guid(b27edb05c4530794b81dce9edb1f8ab0) Importer(815301076,1909f56bfc062723c751e8b465ee728b)  -> (artifact id: '10d004b34bca98304475f4118114a5f1') in 0.002963 seconds
Number of updated asset objects reloaded before import = 0
Number of asset objects unloaded after import = 1
========================================================================
Received Import Request.
  Time since last request: 0.000010 seconds.
  path: Assets/tilePalletes/bpwtiles_103.asset
  artifactKey: Guid(b6fa64917c575f64e880f9838893aee6) Importer(815301076,1909f56bfc062723c751e8b465ee728b)
Start importing Assets/tilePalletes/bpwtiles_103.asset using Guid(b6fa64917c575f64e880f9838893aee6) Importer(815301076,1909f56bfc062723c751e8b465ee728b)  -> (artifact id: '2876e95b231b7145d4aedaca42edbcfe') in 0.003013 seconds
Number of updated asset objects reloaded before import = 0
Number of asset objects unloaded after import = 1
========================================================================
Received Import Request.
  Time since last request: 0.030745 seconds.
  path: Assets/tilePalletes/bpwtiles_111.asset
  artifactKey: Guid(e536de8ea09ffc0439dac2b8687f8a0d) Importer(815301076,1909f56bfc062723c751e8b465ee728b)
Start importing Assets/tilePalletes/bpwtiles_111.asset using Guid(e536de8ea09ffc0439dac2b8687f8a0d) Importer(815301076,1909f56bfc062723c751e8b465ee728b)  -> (artifact id: '3679312f9e744c4e77dbf7176358b09c') in 0.001911 seconds
Number of updated asset objects reloaded before import = 0
Number of asset objects unloaded after import = 1
========================================================================
Received Import Request.
  Time since last request: 0.000139 seconds.
  path: Assets/tilePalletes/bpwtiles_128.asset
  artifactKey: Guid(a654f0ce837f2834b9098dd7a9f80f26) Importer(815301076,1909f56bfc062723c751e8b465ee728b)
Start importing Assets/tilePalletes/bpwtiles_128.asset using Guid(a654f0ce837f2834b9098dd7a9f80f26) Importer(815301076,1909f56bfc062723c751e8b465ee728b)  -> (artifact id: 'fb0ecc8d2ef36c0201908256f5d619e8') in 0.001924 seconds
Number of updated asset objects reloaded before import = 0
Number of asset objects unloaded after import = 1
========================================================================
Received Import Request.
  Time since last request: 0.000012 seconds.
  path: Assets/tilePalletes/bpwtiles_125.asset
  artifactKey: Guid(7598868855e34074c9833b8f2b3cc202) Importer(815301076,1909f56bfc062723c751e8b465ee728b)
Start importing Assets/tilePalletes/bpwtiles_125.asset using Guid(7598868855e34074c9833b8f2b3cc202) Importer(815301076,1909f56bfc062723c751e8b465ee728b)  -> (artifact id: '8c6115c3f4455286418c03ee7f6aa80f') in 0.002315 seconds
Number of updated asset objects reloaded before import = 0
Number of asset objects unloaded after import = 1
========================================================================
Received Import Request.
  Time since last request: 0.000026 seconds.
  path: Assets/tilePalletes/bpwtiles_119.asset
  artifactKey: Guid(1468e8239f2ed5c4294a9a0582f875fb) Importer(815301076,1909f56bfc062723c751e8b465ee728b)
Start importing Assets/tilePalletes/bpwtiles_119.asset using Guid(1468e8239f2ed5c4294a9a0582f875fb) Importer(815301076,1909f56bfc062723c751e8b465ee728b)  -> (artifact id: '814311faaffcc90f69d2ebdf4d85a168') in 0.002140 seconds
Number of updated asset objects reloaded before import = 0
Number of asset objects unloaded after import = 1
========================================================================
Received Import Request.
  Time since last request: 0.000011 seconds.
  path: Assets/tilePalletes/bpwtiles_124.asset
  artifactKey: Guid(cf6e58c8859da2a4bb504f3d802e5d57) Importer(815301076,1909f56bfc062723c751e8b465ee728b)
Start importing Assets/tilePalletes/bpwtiles_124.asset using Guid(cf6e58c8859da2a4bb504f3d802e5d57) Importer(815301076,1909f56bfc062723c751e8b465ee728b)  -> (artifact id: 'd353da8c58c54e950791872ca18c07d5') in 0.002098 seconds
Number of updated asset objects reloaded before import = 0
Number of asset objects unloaded after import = 1
========================================================================
Received Import Request.
  Time since last request: 0.000010 seconds.
  path: Assets/tilePalletes/bpwtiles_123.asset
  artifactKey: Guid(ab4fe82d2b3f2214d83222e951e2c6a7) Importer(815301076,1909f56bfc062723c751e8b465ee728b)
Start importing Assets/tilePalletes/bpwtiles_123.asset using Guid(ab4fe82d2b3f2214d83222e951e2c6a7) Importer(815301076,1909f56bfc062723c751e8b465ee728b)  -> (artifact id: '39e43cbf18d3477d14d58bbb3456a169') in 0.002002 seconds
Number of updated asset objects reloaded before import = 0
Number of asset objects unloaded after import = 1
========================================================================
Received Import Request.
  Time since last request: 0.233474 seconds.
  path: Assets/tilePalletes/bpwtiles_139.asset
  artifactKey: Guid(4315a7231e437304f9b5f4e2d24bb93f) Importer(815301076,1909f56bfc062723c751e8b465ee728b)
Start importing Assets/tilePalletes/bpwtiles_139.asset using Guid(4315a7231e437304f9b5f4e2d24bb93f) Importer(815301076,1909f56bfc062723c751e8b465ee728b)  -> (artifact id: '255c8b82054a6abd7c689f94c15123a2') in 0.002785 seconds
Number of updated asset objects reloaded before import = 0
Number of asset objects unloaded after import = 1
========================================================================
Received Import Request.
  Time since last request: 0.000058 seconds.
  path: Assets/tilePalletes/bpwtiles_145.asset
  artifactKey: Guid(0517d14d33fa94e448b1ceb76a374685) Importer(815301076,1909f56bfc062723c751e8b465ee728b)
Start importing Assets/tilePalletes/bpwtiles_145.asset using Guid(0517d14d33fa94e448b1ceb76a374685) Importer(815301076,1909f56bfc062723c751e8b465ee728b)  -> (artifact id: '5cb9db8a792e3edc9c608e6366c141bc') in 0.002076 seconds
Number of updated asset objects reloaded before import = 0
Number of asset objects unloaded after import = 1
========================================================================
Received Import Request.
  Time since last request: 0.006346 seconds.
  path: Assets/tilePalletes/bpwtiles_151.asset
  artifactKey: Guid(088833c6e5fcab143b7f1a82263f928b) Importer(815301076,1909f56bfc062723c751e8b465ee728b)
Start importing Assets/tilePalletes/bpwtiles_151.asset using Guid(088833c6e5fcab143b7f1a82263f928b) Importer(815301076,1909f56bfc062723c751e8b465ee728b)  -> (artifact id: '17ef8a7b4fa497dd1d4380d7a5f71f32') in 0.001920 seconds
Number of updated asset objects reloaded before import = 0
Number of asset objects unloaded after import = 1
========================================================================
Received Import Request.
  Time since last request: 0.000010 seconds.
  path: Assets/tilePalletes/bpwtiles_161.asset
  artifactKey: Guid(d59bc579179daf1448f2d07eca0ce4ec) Importer(815301076,1909f56bfc062723c751e8b465ee728b)
Start importing Assets/tilePalletes/bpwtiles_161.asset using Guid(d59bc579179daf1448f2d07eca0ce4ec) Importer(815301076,1909f56bfc062723c751e8b465ee728b)  -> (artifact id: '50a2573a31a747d3f8f1ae791001b6c3') in 0.002327 seconds
Number of updated asset objects reloaded before import = 0
Number of asset objects unloaded after import = 1
========================================================================
Received Import Request.
  Time since last request: 0.000011 seconds.
  path: Assets/tilePalletes/bpwtiles_158.asset
  artifactKey: Guid(e6df18b5ffe0b22459da206fe02c6572) Importer(815301076,1909f56bfc062723c751e8b465ee728b)
Start importing Assets/tilePalletes/bpwtiles_158.asset using Guid(e6df18b5ffe0b22459da206fe02c6572) Importer(815301076,1909f56bfc062723c751e8b465ee728b)  -> (artifact id: 'f76c41314f0b588978acf46ad51fe042') in 0.002796 seconds
Number of updated asset objects reloaded before import = 0
Number of asset objects unloaded after import = 1
========================================================================
Received Import Request.
  Time since last request: 0.000966 seconds.
  path: Assets/tilePalletes/bpwtiles_167.asset
  artifactKey: Guid(cc0c3e8dae2af7d4a9e3440b76f6d000) Importer(815301076,1909f56bfc062723c751e8b465ee728b)
Start importing Assets/tilePalletes/bpwtiles_167.asset using Guid(cc0c3e8dae2af7d4a9e3440b76f6d000) Importer(815301076,1909f56bfc062723c751e8b465ee728b)  -> (artifact id: 'c4045de99ceca1581efb93b251927623') in 0.002032 seconds
Number of updated asset objects reloaded before import = 0
Number of asset objects unloaded after import = 1
========================================================================
Received Import Request.
  Time since last request: 0.000071 seconds.
  path: Assets/tilePalletes/bpwtiles_174.asset
  artifactKey: Guid(54e8b8933da4e5c4abfb76affc1788b5) Importer(815301076,1909f56bfc062723c751e8b465ee728b)
Start importing Assets/tilePalletes/bpwtiles_174.asset using Guid(54e8b8933da4e5c4abfb76affc1788b5) Importer(815301076,1909f56bfc062723c751e8b465ee728b)  -> (artifact id: '9876c7c7672f026817aaeb5829c3db3f') in 0.002946 seconds
Number of updated asset objects reloaded before import = 0
Number of asset objects unloaded after import = 1
Editor requested this worker to shutdown with reason: Scaling down because of idle timeout
TcpMessagingSession - receive error: operation aborted. errorcode: 995, details: The I/O operation has been aborted because of either a thread exit or an application request.
AssetImportWorker is now disconnected from the server
Process exiting
Exiting without the bug reporter. Application will terminate with return code 0