Using pre-set license
Built from '2022.3/staging' branch; Version is '2022.3.8f1 (b5eafc012955) revision 11922172'; Using compiler version '192829333'; Build Type 'Release'
OS: 'Windows 11  (10.0.22631) 64bit Core' Language: 'en' Physical Memory: 32492 MB
BatchMode: 1, IsHumanControllingUs: 0, StartBugReporterOnCrash: 0, Is64bit: 1, IsPro: 1

COMMAND LINE ARGUMENTS:
C:\Program Files\Unity\Hub\Editor\2022.3.8f1\Editor\Unity.exe
-adb2
-batchMode
-noUpm
-name
AssetImportWorker0
-projectPath
C:/Users/maxdo/Desktop/BPW2 Game FInal/FinalToHandIn/BPW2_project_final/BPW2FinalGame
-logFile
Logs/AssetImportWorker0.log
-srvPort
51035
Successfully changed project path to: C:/Users/maxdo/Desktop/BPW2 Game FInal/FinalToHandIn/BPW2_project_final/BPW2FinalGame
C:/Users/maxdo/Desktop/BPW2 Game FInal/FinalToHandIn/BPW2_project_final/BPW2FinalGame
[UnityMemory] Configuration Parameters - Can be set up in boot.config
    "memorysetup-bucket-allocator-granularity=16"
    "memorysetup-bucket-allocator-bucket-count=8"
    "memorysetup-bucket-allocator-block-size=33554432"
    "memorysetup-bucket-allocator-block-count=8"
    "memorysetup-main-allocator-block-size=16777216"
    "memorysetup-thread-allocator-block-size=16777216"
    "memorysetup-gfx-main-allocator-block-size=16777216"
    "memorysetup-gfx-thread-allocator-block-size=16777216"
    "memorysetup-cache-allocator-block-size=4194304"
    "memorysetup-typetree-allocator-block-size=2097152"
    "memorysetup-profiler-bucket-allocator-granularity=16"
    "memorysetup-profiler-bucket-allocator-bucket-count=8"
    "memorysetup-profiler-bucket-allocator-block-size=33554432"
    "memorysetup-profiler-bucket-allocator-block-count=8"
    "memorysetup-profiler-allocator-block-size=16777216"
    "memorysetup-profiler-editor-allocator-block-size=1048576"
    "memorysetup-temp-allocator-size-main=16777216"
    "memorysetup-job-temp-allocator-block-size=2097152"
    "memorysetup-job-temp-allocator-block-size-background=1048576"
    "memorysetup-job-temp-allocator-reduction-small-platforms=262144"
    "memorysetup-allocator-temp-initial-block-size-main=262144"
    "memorysetup-allocator-temp-initial-block-size-worker=262144"
    "memorysetup-temp-allocator-size-background-worker=32768"
    "memorysetup-temp-allocator-size-job-worker=262144"
    "memorysetup-temp-allocator-size-preload-manager=33554432"
    "memorysetup-temp-allocator-size-nav-mesh-worker=65536"
    "memorysetup-temp-allocator-size-audio-worker=65536"
    "memorysetup-temp-allocator-size-cloud-worker=32768"
    "memorysetup-temp-allocator-size-gi-baking-worker=262144"
    "memorysetup-temp-allocator-size-gfx=262144"
Player connection [49872] Host "[IP] 192.168.178.10 [Port] 0 [Flags] 2 [Guid] 1037943492 [EditorId] 1037943492 [Version] 1048832 [Id] WindowsEditor(7,Asphodel) [Debug] 1 [PackageName] WindowsEditor [ProjectName] Editor" joined multi-casting on [225.0.0.222:54997]...

Player connection [49872] Host "[IP] 192.168.178.10 [Port] 0 [Flags] 2 [Guid] 1037943492 [EditorId] 1037943492 [Version] 1048832 [Id] WindowsEditor(7,Asphodel) [Debug] 1 [PackageName] WindowsEditor [ProjectName] Editor" joined alternative multi-casting on [225.0.0.222:34997]...

[Physics::Module] Initialized MultithreadedJobDispatcher with 19 workers.
Refreshing native plugins compatible for Editor in 15.22 ms, found 4 plugins.
Preloading 0 native plugins for Editor in 0.00 ms.
Initialize engine version: 2022.3.8f1 (b5eafc012955)
[Subsystems] Discovering subsystems at path C:/Program Files/Unity/Hub/Editor/2022.3.8f1/Editor/Data/Resources/UnitySubsystems
[Subsystems] Discovering subsystems at path C:/Users/maxdo/Desktop/BPW2 Game FInal/FinalToHandIn/BPW2_project_final/BPW2FinalGame/Assets
GfxDevice: creating device client; threaded=0; jobified=0
Direct3D:
    Version:  Direct3D 11.0 [level 11.1]
    Renderer: NVIDIA GeForce RTX 3060 Laptop GPU (ID=0x2560)
    Vendor:   NVIDIA
    VRAM:     5996 MB
    Driver:   31.0.15.5176
Initialize mono
Mono path[0] = 'C:/Program Files/Unity/Hub/Editor/2022.3.8f1/Editor/Data/Managed'
Mono path[1] = 'C:/Program Files/Unity/Hub/Editor/2022.3.8f1/Editor/Data/MonoBleedingEdge/lib/mono/unityjit-win32'
Mono config path = 'C:/Program Files/Unity/Hub/Editor/2022.3.8f1/Editor/Data/MonoBleedingEdge/etc'
Using monoOptions --debugger-agent=transport=dt_socket,embedding=1,server=y,suspend=n,address=127.0.0.1:56588
Begin MonoManager ReloadAssembly
Registering precompiled unity dll's ...
Register platform support module: C:/Program Files/Unity/Hub/Editor/2022.3.8f1/Editor/Data/PlaybackEngines/WebGLSupport/UnityEditor.WebGL.Extensions.dll
Register platform support module: C:/Program Files/Unity/Hub/Editor/2022.3.8f1/Editor/Data/PlaybackEngines/WindowsStandaloneSupport/UnityEditor.WindowsStandalone.Extensions.dll
Registered in 0.010964 seconds.
- Loaded All Assemblies, in  0.291 seconds
Native extension for WindowsStandalone target not found
Native extension for WebGL target not found
Mono: successfully reloaded assembly
- Finished resetting the current domain, in  0.203 seconds
Domain Reload Profiling: 492ms
	BeginReloadAssembly (93ms)
		ExecutionOrderSort (0ms)
		DisableScriptedObjects (0ms)
		BackupInstance (0ms)
		ReleaseScriptingObjects (0ms)
		CreateAndSetChildDomain (1ms)
	RebuildCommonClasses (26ms)
	RebuildNativeTypeToScriptingClass (8ms)
	initialDomainReloadingComplete (52ms)
	LoadAllAssembliesAndSetupDomain (110ms)
		LoadAssemblies (91ms)
		RebuildTransferFunctionScriptingTraits (0ms)
		AnalyzeDomain (108ms)
			TypeCache.Refresh (107ms)
				TypeCache.ScanAssembly (95ms)
			ScanForSourceGeneratedMonoScriptInfo (0ms)
			ResolveRequiredComponents (0ms)
	FinalizeReload (203ms)
		ReleaseScriptCaches (0ms)
		RebuildScriptCaches (0ms)
		SetupLoadedEditorAssemblies (158ms)
			LogAssemblyErrors (0ms)
			InitializePlatformSupportModulesInManaged (9ms)
			SetLoadedEditorAssemblies (4ms)
			RefreshPlugins (0ms)
			BeforeProcessingInitializeOnLoad (2ms)
			ProcessInitializeOnLoadAttributes (101ms)
			ProcessInitializeOnLoadMethodAttributes (42ms)
			AfterProcessingInitializeOnLoad (0ms)
			EditorAssembliesLoaded (0ms)
		ExecutionOrderSort2 (0ms)
		AwakeInstancesAfterBackupRestoration (0ms)
========================================================================
Worker process is ready to serve import requests
Begin MonoManager ReloadAssembly
- Loaded All Assemblies, in  0.684 seconds
Refreshing native plugins compatible for Editor in 5.58 ms, found 4 plugins.
Native extension for WindowsStandalone target not found
Native extension for WebGL target not found
Package Manager log level set to [2]
[Package Manager] Server::EnsureServerProcessIsRunning -- launch failed, reason: Unity was launched with the -noUpm command-line argument
[Package Manager] UpmClient::Send -- Unable to send message (not connected to UPM process).
[Package Manager] Cannot connect to Unity Package Manager local server
Mono: successfully reloaded assembly
- Finished resetting the current domain, in  0.675 seconds
Domain Reload Profiling: 1354ms
	BeginReloadAssembly (135ms)
		ExecutionOrderSort (0ms)
		DisableScriptedObjects (4ms)
		BackupInstance (0ms)
		ReleaseScriptingObjects (0ms)
		CreateAndSetChildDomain (18ms)
	RebuildCommonClasses (28ms)
	RebuildNativeTypeToScriptingClass (8ms)
	initialDomainReloadingComplete (36ms)
	LoadAllAssembliesAndSetupDomain (472ms)
		LoadAssemblies (337ms)
		RebuildTransferFunctionScriptingTraits (0ms)
		AnalyzeDomain (217ms)
			TypeCache.Refresh (175ms)
				TypeCache.ScanAssembly (159ms)
			ScanForSourceGeneratedMonoScriptInfo (31ms)
			ResolveRequiredComponents (10ms)
	FinalizeReload (676ms)
		ReleaseScriptCaches (0ms)
		RebuildScriptCaches (0ms)
		SetupLoadedEditorAssemblies (511ms)
			LogAssemblyErrors (0ms)
			InitializePlatformSupportModulesInManaged (7ms)
			SetLoadedEditorAssemblies (3ms)
			RefreshPlugins (0ms)
			BeforeProcessingInitializeOnLoad (75ms)
			ProcessInitializeOnLoadAttributes (338ms)
			ProcessInitializeOnLoadMethodAttributes (80ms)
			AfterProcessingInitializeOnLoad (8ms)
			EditorAssembliesLoaded (0ms)
		ExecutionOrderSort2 (0ms)
		AwakeInstancesAfterBackupRestoration (6ms)
Launched and connected shader compiler UnityShaderCompiler.exe after 0.05 seconds
Refreshing native plugins compatible for Editor in 5.05 ms, found 4 plugins.
Preloading 0 native plugins for Editor in 0.00 ms.
Unloading 6419 Unused Serialized files (Serialized files now loaded: 0)
Unloading 107 unused Assets / (1.5 MB). Loaded Objects now: 6873.
Memory consumption went from 245.2 MB to 243.7 MB.
Total: 4.008700 ms (FindLiveObjects: 0.376300 ms CreateObjectMapping: 0.306300 ms MarkObjects: 2.791400 ms  DeleteObjects: 0.533400 ms)

AssetImportParameters requested are different than current active one (requested -> active):
  custom:container-demuxer-ogg: 62fdf1f143b41e24485cea50d1cbac27 -> 
  custom:framework-win-MediaFoundation: 216162199b28c13a410421893ffa2e32 -> 
  custom:container-muxer-webm: aa71ff27fc2769a1b78a27578f13a17b -> 
  custom:video-decoder-webm-vp8: 9c59270c3fd7afecdb556c50c9e8de78 -> 
  custom:SearchIndexIgnoredProperties: e643bd26f0fe6173181afceb89e7c659 -> 
  custom:AudioImporter_EditorPlatform: d09bf68614088b80899f8185d706f6e7 -> 
  custom:audio-decoder-ogg-vorbis: bf7c407c2cedff20999df2af8eb42d56 -> 
  custom:audio-encoder-webm-vorbis: bf7c407c2cedff20999df2af8eb42d56 -> 
  custom:video-codec-MediaFoundation-h265: 746d11721c4dcdbdad8f713fa42b33f4 -> 
  custom:video-decoder-ogg-theora: a1e56fd34408186e4bbccfd4996cb3dc -> 
  custom:CustomObjectIndexerAttribute: a3ef5dd2817f97addfee359851a9dba5 -> 
  custom:container-demuxer-webm: 4f35f7cbe854078d1ac9338744f61a02 -> 
  custom:video-encoder-webm-vp8: eb34c28f22e8b96e1ab97ce403110664 -> 
========================================================================
Received Import Request.
  Time since last request: 141832.047234 seconds.
  path: Assets/tilePalletes/backgr_pallete1.prefab
  artifactKey: Guid(aa511b74703f3ed428be596625ab8af8) Importer(815301076,1909f56bfc062723c751e8b465ee728b)
Start importing Assets/tilePalletes/backgr_pallete1.prefab using Guid(aa511b74703f3ed428be596625ab8af8) Importer(815301076,1909f56bfc062723c751e8b465ee728b)  -> (artifact id: '613f05014669c64bff5e217f64e85755') in 0.212794 seconds
Number of updated asset objects reloaded before import = 0
Number of asset objects unloaded after import = 64
========================================================================
Received Import Request.
  Time since last request: 2.468304 seconds.
  path: Assets/tileImages/BPW2TileMap.png
  artifactKey: Guid(39066f3e91bca104cbb73cd2a8b691e1) Importer(815301076,1909f56bfc062723c751e8b465ee728b)
Start importing Assets/tileImages/BPW2TileMap.png using Guid(39066f3e91bca104cbb73cd2a8b691e1) Importer(815301076,1909f56bfc062723c751e8b465ee728b)  -> (artifact id: 'f15c8ad87d22e6c3a584743adbf5445f') in 0.040529 seconds
Number of updated asset objects reloaded before import = 0
Number of asset objects unloaded after import = 3
========================================================================
Received Import Request.
  Time since last request: 23.251088 seconds.
  path: Assets/tileImages/BPW2TileMap.png
  artifactKey: Guid(39066f3e91bca104cbb73cd2a8b691e1) Importer(815301076,1909f56bfc062723c751e8b465ee728b)
Start importing Assets/tileImages/BPW2TileMap.png using Guid(39066f3e91bca104cbb73cd2a8b691e1) Importer(815301076,1909f56bfc062723c751e8b465ee728b)  -> (artifact id: '7eecc2a8b8566e880f6617aa333a02d1') in 0.020235 seconds
Number of updated asset objects reloaded before import = 0
Number of asset objects unloaded after import = 2
========================================================================
Received Import Request.
  Time since last request: 7.286358 seconds.
  path: Assets/tileImages/BPW2TileMap.png
  artifactKey: Guid(39066f3e91bca104cbb73cd2a8b691e1) Importer(815301076,1909f56bfc062723c751e8b465ee728b)
Start importing Assets/tileImages/BPW2TileMap.png using Guid(39066f3e91bca104cbb73cd2a8b691e1) Importer(815301076,1909f56bfc062723c751e8b465ee728b)  -> (artifact id: '6650bd3b770dbfbe67200d73ae2f11f5') in 0.020387 seconds
Number of updated asset objects reloaded before import = 0
Number of asset objects unloaded after import = 2
========================================================================
Received Import Request.
  Time since last request: 22.926201 seconds.
  path: Assets/tileImages/BPW2TileMap.png
  artifactKey: Guid(39066f3e91bca104cbb73cd2a8b691e1) Importer(815301076,1909f56bfc062723c751e8b465ee728b)
Start importing Assets/tileImages/BPW2TileMap.png using Guid(39066f3e91bca104cbb73cd2a8b691e1) Importer(815301076,1909f56bfc062723c751e8b465ee728b)  -> (artifact id: '1f7fed79f27176bd44ce9838c037d1d4') in 0.081032 seconds
Number of updated asset objects reloaded before import = 0
Number of asset objects unloaded after import = 24
========================================================================
Received Import Request.
  Time since last request: 269.354552 seconds.
  path: Assets/tileImages/BPW2TileMapv2.png
  artifactKey: Guid(9931691b2ea98e945b2aed12f3cbdc84) Importer(815301076,1909f56bfc062723c751e8b465ee728b)
Start importing Assets/tileImages/BPW2TileMapv2.png using Guid(9931691b2ea98e945b2aed12f3cbdc84) Importer(815301076,1909f56bfc062723c751e8b465ee728b)  -> (artifact id: 'ce8bfcd53b8fba64f7a13d23ac7e321c') in 0.052776 seconds
Number of updated asset objects reloaded before import = 0
Number of asset objects unloaded after import = 3
========================================================================
Received Import Request.
  Time since last request: 20.020319 seconds.
  path: Assets/tileImages/BPW2TileMapv2.png
  artifactKey: Guid(9931691b2ea98e945b2aed12f3cbdc84) Importer(815301076,1909f56bfc062723c751e8b465ee728b)
Start importing Assets/tileImages/BPW2TileMapv2.png using Guid(9931691b2ea98e945b2aed12f3cbdc84) Importer(815301076,1909f56bfc062723c751e8b465ee728b)  -> (artifact id: 'cd4782422c5011ff45dc19978558238e') in 0.023974 seconds
Number of updated asset objects reloaded before import = 0
Number of asset objects unloaded after import = 2
========================================================================
Received Import Request.
  Time since last request: 51.998439 seconds.
  path: Assets/tileImages/BPW2TileMapv2.png
  artifactKey: Guid(9931691b2ea98e945b2aed12f3cbdc84) Importer(815301076,1909f56bfc062723c751e8b465ee728b)
Start importing Assets/tileImages/BPW2TileMapv2.png using Guid(9931691b2ea98e945b2aed12f3cbdc84) Importer(815301076,1909f56bfc062723c751e8b465ee728b)  -> (artifact id: 'a4fe4472350ee6834e013d8599111f8c') in 0.074761 seconds
Number of updated asset objects reloaded before import = 0
Number of asset objects unloaded after import = 22
========================================================================
Received Import Request.
  Time since last request: 69.044763 seconds.
  path: Assets/tileImages/BPW2TileMapv2.png
  artifactKey: Guid(9931691b2ea98e945b2aed12f3cbdc84) Importer(815301076,1909f56bfc062723c751e8b465ee728b)
Start importing Assets/tileImages/BPW2TileMapv2.png using Guid(9931691b2ea98e945b2aed12f3cbdc84) Importer(815301076,1909f56bfc062723c751e8b465ee728b)  -> (artifact id: 'f342b4471fb529145f5c1c2465d3bd12') in 0.068879 seconds
Number of updated asset objects reloaded before import = 0
Number of asset objects unloaded after import = 22
========================================================================
Received Import Request.
  Time since last request: 76.082540 seconds.
  path: Assets/tileImages/bpwtiles 1.png
  artifactKey: Guid(66539a984d1e58d428e6287ddd043ddb) Importer(815301076,1909f56bfc062723c751e8b465ee728b)
Start importing Assets/tileImages/bpwtiles 1.png using Guid(66539a984d1e58d428e6287ddd043ddb) Importer(815301076,1909f56bfc062723c751e8b465ee728b)  -> (artifact id: '4cf5d668ce049869343c46d38f936835') in 0.236767 seconds
Number of updated asset objects reloaded before import = 0
Number of asset objects unloaded after import = 181
========================================================================
Received Import Request.
  Time since last request: 369.897184 seconds.
  path: Assets/tilePalletes/backgr_pallete1.prefab
  artifactKey: Guid(aa511b74703f3ed428be596625ab8af8) Importer(815301076,1909f56bfc062723c751e8b465ee728b)
Start importing Assets/tilePalletes/backgr_pallete1.prefab using Guid(aa511b74703f3ed428be596625ab8af8) Importer(815301076,1909f56bfc062723c751e8b465ee728b)  -> (artifact id: 'f14712e3e2fd5b6a3a4fc29dec9ab30d') in 0.031475 seconds
Number of updated asset objects reloaded before import = 0
Number of asset objects unloaded after import = 80
========================================================================
Received Import Request.
  Time since last request: 0.000027 seconds.
  path: Assets/tilePalletes/BPW2TileMap_3.asset
  artifactKey: Guid(c76c7d4e0fa4aea4e983261101cbd600) Importer(815301076,1909f56bfc062723c751e8b465ee728b)
Start importing Assets/tilePalletes/BPW2TileMap_3.asset using Guid(c76c7d4e0fa4aea4e983261101cbd600) Importer(815301076,1909f56bfc062723c751e8b465ee728b)  -> (artifact id: '4f84ba2b1f4e3910f8155b46be632ead') in 0.007426 seconds
Number of updated asset objects reloaded before import = 0
Number of asset objects unloaded after import = 1
========================================================================
Received Import Request.
  Time since last request: 0.000067 seconds.
  path: Assets/tilePalletes/BPW2TileMap_1.asset
  artifactKey: Guid(36abf4ba3b75fa7479cbbcbe41bff3b4) Importer(815301076,1909f56bfc062723c751e8b465ee728b)
Start importing Assets/tilePalletes/BPW2TileMap_1.asset using Guid(36abf4ba3b75fa7479cbbcbe41bff3b4) Importer(815301076,1909f56bfc062723c751e8b465ee728b)  -> (artifact id: 'd782e4feaea7b6108c8781621123a6fe') in 0.002207 seconds
Number of updated asset objects reloaded before import = 0
Number of asset objects unloaded after import = 1
========================================================================
Received Import Request.
  Time since last request: 0.000070 seconds.
  path: Assets/tilePalletes/BPW2TileMap_5.asset
  artifactKey: Guid(ad50cd37698cd554d90f2fe6bf5eade6) Importer(815301076,1909f56bfc062723c751e8b465ee728b)
Start importing Assets/tilePalletes/BPW2TileMap_5.asset using Guid(ad50cd37698cd554d90f2fe6bf5eade6) Importer(815301076,1909f56bfc062723c751e8b465ee728b)  -> (artifact id: 'fafb03461e87232703ce1da03a23794b') in 0.002947 seconds
Number of updated asset objects reloaded before import = 0
Number of asset objects unloaded after import = 1
========================================================================
Received Import Request.
  Time since last request: 0.000021 seconds.
  path: Assets/tilePalletes/BPW2TileMap_7.asset
  artifactKey: Guid(aea159152c43c5549bc8980498ca582f) Importer(815301076,1909f56bfc062723c751e8b465ee728b)
Start importing Assets/tilePalletes/BPW2TileMap_7.asset using Guid(aea159152c43c5549bc8980498ca582f) Importer(815301076,1909f56bfc062723c751e8b465ee728b)  -> (artifact id: '9d0b56f9ec683d39616ebdb02b36a71b') in 0.002070 seconds
Number of updated asset objects reloaded before import = 0
Number of asset objects unloaded after import = 1
========================================================================
Received Import Request.
  Time since last request: 0.000047 seconds.
  path: Assets/tilePalletes/BPW2TileMap_2.asset
  artifactKey: Guid(437e1121e97229c4cad4acb4b64d5513) Importer(815301076,1909f56bfc062723c751e8b465ee728b)
Start importing Assets/tilePalletes/BPW2TileMap_2.asset using Guid(437e1121e97229c4cad4acb4b64d5513) Importer(815301076,1909f56bfc062723c751e8b465ee728b)  -> (artifact id: '372d124b760303e7d0c56fa5b617dd0c') in 0.002790 seconds
Number of updated asset objects reloaded before import = 0
Number of asset objects unloaded after import = 1
========================================================================
Received Import Request.
  Time since last request: 2.577917 seconds.
  path: Assets/tilePalletes/BPW2TileMap_9.asset
  artifactKey: Guid(a7b2efaae1b1f2f4484d656a63778b71) Importer(815301076,1909f56bfc062723c751e8b465ee728b)
Start importing Assets/tilePalletes/BPW2TileMap_9.asset using Guid(a7b2efaae1b1f2f4484d656a63778b71) Importer(815301076,1909f56bfc062723c751e8b465ee728b)  -> (artifact id: '90642b212ad8bc6ffd1a0fe3e1a0bdac') in 0.003527 seconds
Number of updated asset objects reloaded before import = 0
Number of asset objects unloaded after import = 1
========================================================================
Received Import Request.
  Time since last request: 0.000015 seconds.
  path: Assets/tilePalletes/BPW2TileMap_19.asset
  artifactKey: Guid(86e71fd048cce1843ac829c12028c8d1) Importer(815301076,1909f56bfc062723c751e8b465ee728b)
Start importing Assets/tilePalletes/BPW2TileMap_19.asset using Guid(86e71fd048cce1843ac829c12028c8d1) Importer(815301076,1909f56bfc062723c751e8b465ee728b)  -> (artifact id: '58a34fa90740bd28e61eb7bd4f02a3f3') in 0.002154 seconds
Number of updated asset objects reloaded before import = 0
Number of asset objects unloaded after import = 1
========================================================================
Received Import Request.
  Time since last request: 0.000093 seconds.
  path: Assets/tilePalletes/BPW2TileMap_14.asset
  artifactKey: Guid(834062148c6c7b2419311f7641153e48) Importer(815301076,1909f56bfc062723c751e8b465ee728b)
Start importing Assets/tilePalletes/BPW2TileMap_14.asset using Guid(834062148c6c7b2419311f7641153e48) Importer(815301076,1909f56bfc062723c751e8b465ee728b)  -> (artifact id: '213d83e3106355665bd73656316dc23c') in 0.002823 seconds
Number of updated asset objects reloaded before import = 0
Number of asset objects unloaded after import = 1
========================================================================
Received Import Request.
  Time since last request: 0.000051 seconds.
  path: Assets/tilePalletes/BPW2TileMap_16.asset
  artifactKey: Guid(2cca2eaa274e55e4798a3bef0cc2b834) Importer(815301076,1909f56bfc062723c751e8b465ee728b)
Start importing Assets/tilePalletes/BPW2TileMap_16.asset using Guid(2cca2eaa274e55e4798a3bef0cc2b834) Importer(815301076,1909f56bfc062723c751e8b465ee728b)  -> (artifact id: '7cfb6b5d33cfb22b54e8bf99e4b469ce') in 0.002109 seconds
Number of updated asset objects reloaded before import = 0
Number of asset objects unloaded after import = 1
========================================================================
Received Import Request.
  Time since last request: 0.000044 seconds.
  path: Assets/tilePalletes/BPW2TileMap_17.asset
  artifactKey: Guid(f319444553593da46abd9201f1552477) Importer(815301076,1909f56bfc062723c751e8b465ee728b)
Start importing Assets/tilePalletes/BPW2TileMap_17.asset using Guid(f319444553593da46abd9201f1552477) Importer(815301076,1909f56bfc062723c751e8b465ee728b)  -> (artifact id: '6ce5e16f7b0f3d2361ca7d41a21570c4') in 0.003525 seconds
Number of updated asset objects reloaded before import = 0
Number of asset objects unloaded after import = 1
========================================================================
Received Import Request.
  Time since last request: 0.000030 seconds.
  path: Assets/tilePalletes/BPW2TileMap_20.asset
  artifactKey: Guid(7bf87e4740da14b4e81a7009e545338f) Importer(815301076,1909f56bfc062723c751e8b465ee728b)
Start importing Assets/tilePalletes/BPW2TileMap_20.asset using Guid(7bf87e4740da14b4e81a7009e545338f) Importer(815301076,1909f56bfc062723c751e8b465ee728b)  -> (artifact id: 'a513bb40f6c37af81917905081ac25dd') in 0.002789 seconds
Number of updated asset objects reloaded before import = 0
Number of asset objects unloaded after import = 1
========================================================================
Received Import Request.
  Time since last request: 0.000029 seconds.
  path: Assets/tilePalletes/BPW2TileMap_12.asset
  artifactKey: Guid(b61f4cc06bb66d440a2118edc78cd327) Importer(815301076,1909f56bfc062723c751e8b465ee728b)
Start importing Assets/tilePalletes/BPW2TileMap_12.asset using Guid(b61f4cc06bb66d440a2118edc78cd327) Importer(815301076,1909f56bfc062723c751e8b465ee728b)  -> (artifact id: '1f150e683c8ddfaad354e3ac34fe2620') in 0.002123 seconds
Number of updated asset objects reloaded before import = 0
Number of asset objects unloaded after import = 1
========================================================================
Received Import Request.
  Time since last request: 0.000024 seconds.
  path: Assets/tilePalletes/BPW2TileMapv2_8.asset
  artifactKey: Guid(1604721de7eb3fc4ab478fbdbf7dff6b) Importer(815301076,1909f56bfc062723c751e8b465ee728b)
Start importing Assets/tilePalletes/BPW2TileMapv2_8.asset using Guid(1604721de7eb3fc4ab478fbdbf7dff6b) Importer(815301076,1909f56bfc062723c751e8b465ee728b)  -> (artifact id: '64ad0aad16d21498296cf53cf6c6b053') in 0.013834 seconds
Number of updated asset objects reloaded before import = 0
Number of asset objects unloaded after import = 3
========================================================================
Received Import Request.
  Time since last request: 0.000065 seconds.
  path: Assets/tilePalletes/BPW2TileMapv2_10.asset
  artifactKey: Guid(c3aabaa9653e9da42b6b91ae088afb18) Importer(815301076,1909f56bfc062723c751e8b465ee728b)
Start importing Assets/tilePalletes/BPW2TileMapv2_10.asset using Guid(c3aabaa9653e9da42b6b91ae088afb18) Importer(815301076,1909f56bfc062723c751e8b465ee728b)  -> (artifact id: '6354f1fc691b5e48f0432b46e45de0fb') in 0.011253 seconds
Number of updated asset objects reloaded before import = 0
Number of asset objects unloaded after import = 3
========================================================================
Received Import Request.
  Time since last request: 0.000018 seconds.
  path: Assets/tilePalletes/BPW2TileMapv2_1.asset
  artifactKey: Guid(11a0e82ba1a207943a5362834a3f5b39) Importer(815301076,1909f56bfc062723c751e8b465ee728b)
Start importing Assets/tilePalletes/BPW2TileMapv2_1.asset using Guid(11a0e82ba1a207943a5362834a3f5b39) Importer(815301076,1909f56bfc062723c751e8b465ee728b)  -> (artifact id: 'e8febf4d3d6eb481a98f0bc1588f6fa6') in 0.009749 seconds
Number of updated asset objects reloaded before import = 0
Number of asset objects unloaded after import = 3
========================================================================
Received Import Request.
  Time since last request: 0.000028 seconds.
  path: Assets/tilePalletes/BPW2TileMapv2_15.asset
  artifactKey: Guid(96a1d877b3481ef458a319e5542331e1) Importer(815301076,1909f56bfc062723c751e8b465ee728b)
Start importing Assets/tilePalletes/BPW2TileMapv2_15.asset using Guid(96a1d877b3481ef458a319e5542331e1) Importer(815301076,1909f56bfc062723c751e8b465ee728b)  -> (artifact id: 'dd598154ac3991da9b1e07202dedaad0') in 0.012006 seconds
Number of updated asset objects reloaded before import = 0
Number of asset objects unloaded after import = 3
========================================================================
Received Import Request.
  Time since last request: 0.000037 seconds.
  path: Assets/tilePalletes/BPW2TileMapv2_19.asset
  artifactKey: Guid(8c9352bb21030c144a13a5dd6a48a99f) Importer(815301076,1909f56bfc062723c751e8b465ee728b)
Start importing Assets/tilePalletes/BPW2TileMapv2_19.asset using Guid(8c9352bb21030c144a13a5dd6a48a99f) Importer(815301076,1909f56bfc062723c751e8b465ee728b)  -> (artifact id: 'e6a8f6ed3133d9d0235276906404ca42') in 0.013283 seconds
Number of updated asset objects reloaded before import = 0
Number of asset objects unloaded after import = 3
========================================================================
Received Import Request.
  Time since last request: 0.000023 seconds.
  path: Assets/tilePalletes/BPW2TileMapv2_5.asset
  artifactKey: Guid(f2b678415d9d313418c5f570306d661b) Importer(815301076,1909f56bfc062723c751e8b465ee728b)
Start importing Assets/tilePalletes/BPW2TileMapv2_5.asset using Guid(f2b678415d9d313418c5f570306d661b) Importer(815301076,1909f56bfc062723c751e8b465ee728b)  -> (artifact id: '5d3975822a7074c03265aa09ca1a8459') in 0.012268 seconds
Number of updated asset objects reloaded before import = 0
Number of asset objects unloaded after import = 3
========================================================================
Received Import Request.
  Time since last request: 0.000021 seconds.
  path: Assets/tilePalletes/BPW2TileMapv2_14.asset
  artifactKey: Guid(e3be1adc593004f49a0fc95486c09977) Importer(815301076,1909f56bfc062723c751e8b465ee728b)
Start importing Assets/tilePalletes/BPW2TileMapv2_14.asset using Guid(e3be1adc593004f49a0fc95486c09977) Importer(815301076,1909f56bfc062723c751e8b465ee728b)  -> (artifact id: '480770174a3b8a8f69b604c25b8999ec') in 0.012577 seconds
Number of updated asset objects reloaded before import = 0
Number of asset objects unloaded after import = 3
========================================================================
Received Import Request.
  Time since last request: 0.000018 seconds.
  path: Assets/tilePalletes/BPW2TileMapv2_2.asset
  artifactKey: Guid(76865a468e3b49648a585bbfaacaa9fd) Importer(815301076,1909f56bfc062723c751e8b465ee728b)
Start importing Assets/tilePalletes/BPW2TileMapv2_2.asset using Guid(76865a468e3b49648a585bbfaacaa9fd) Importer(815301076,1909f56bfc062723c751e8b465ee728b)  -> (artifact id: 'ded79e5a0e27bca8c8f3ea27fb449813') in 0.006147 seconds
Number of updated asset objects reloaded before import = 0
Number of asset objects unloaded after import = 3
========================================================================
Received Import Request.
  Time since last request: 0.000018 seconds.
  path: Assets/tilePalletes/BPW2TileMapv2_6.asset
  artifactKey: Guid(5d7660abc2c257b4985a2e48d32fc92d) Importer(815301076,1909f56bfc062723c751e8b465ee728b)
Start importing Assets/tilePalletes/BPW2TileMapv2_6.asset using Guid(5d7660abc2c257b4985a2e48d32fc92d) Importer(815301076,1909f56bfc062723c751e8b465ee728b)  -> (artifact id: 'ecf821f4837debe41bb265cba91f2546') in 0.013329 seconds
Number of updated asset objects reloaded before import = 0
Number of asset objects unloaded after import = 3
========================================================================
Received Import Request.
  Time since last request: 0.000018 seconds.
  path: Assets/tilePalletes/BPW2TileMapv2_4.asset
  artifactKey: Guid(2e06156be1e860640829e760d43864fa) Importer(815301076,1909f56bfc062723c751e8b465ee728b)
Start importing Assets/tilePalletes/BPW2TileMapv2_4.asset using Guid(2e06156be1e860640829e760d43864fa) Importer(815301076,1909f56bfc062723c751e8b465ee728b)  -> (artifact id: '275d74941a66eec9575ad31aeb166a22') in 0.011733 seconds
Number of updated asset objects reloaded before import = 0
Number of asset objects unloaded after import = 3
========================================================================
Received Import Request.
  Time since last request: 0.000027 seconds.
  path: Assets/tilePalletes/BPW2TileMapv2_16.asset
  artifactKey: Guid(3f961562ad2dcc649a9a2a1efe69d7ff) Importer(815301076,1909f56bfc062723c751e8b465ee728b)
Start importing Assets/tilePalletes/BPW2TileMapv2_16.asset using Guid(3f961562ad2dcc649a9a2a1efe69d7ff) Importer(815301076,1909f56bfc062723c751e8b465ee728b)  -> (artifact id: 'd298f0ad204708b557e4cd0eedf4cb23') in 0.012635 seconds
Number of updated asset objects reloaded before import = 0
Number of asset objects unloaded after import = 3
========================================================================
Received Import Request.
  Time since last request: 0.000019 seconds.
  path: Assets/tilePalletes/bpwtiles_1.asset
  artifactKey: Guid(dd4513f9f9e97784c8da8ce7af8caaa3) Importer(815301076,1909f56bfc062723c751e8b465ee728b)
Start importing Assets/tilePalletes/bpwtiles_1.asset using Guid(dd4513f9f9e97784c8da8ce7af8caaa3) Importer(815301076,1909f56bfc062723c751e8b465ee728b)  -> (artifact id: '857b4d54775eb73d0ba8e1368ef16e1e') in 0.003488 seconds
Number of updated asset objects reloaded before import = 0
Number of asset objects unloaded after import = 1
========================================================================
Received Import Request.
  Time since last request: 0.000018 seconds.
  path: Assets/tilePalletes/BPW2TileMap_13.asset
  artifactKey: Guid(5977219bee20f094a80dd63a66c836c0) Importer(815301076,1909f56bfc062723c751e8b465ee728b)
Start importing Assets/tilePalletes/BPW2TileMap_13.asset using Guid(5977219bee20f094a80dd63a66c836c0) Importer(815301076,1909f56bfc062723c751e8b465ee728b)  -> (artifact id: 'd208143391d27ea9a6ca902d40772ceb') in 0.002782 seconds
Number of updated asset objects reloaded before import = 0
Number of asset objects unloaded after import = 1
========================================================================
Received Import Request.
  Time since last request: 0.000085 seconds.
  path: Assets/tilePalletes/BPW2TileMap_21.asset
  artifactKey: Guid(0388eed2d1fe21444a26a23c69ddf1e8) Importer(815301076,1909f56bfc062723c751e8b465ee728b)
Start importing Assets/tilePalletes/BPW2TileMap_21.asset using Guid(0388eed2d1fe21444a26a23c69ddf1e8) Importer(815301076,1909f56bfc062723c751e8b465ee728b)  -> (artifact id: 'b2ae92aab31b4db20bdf9c4bcb95b93f') in 0.003116 seconds
Number of updated asset objects reloaded before import = 0
Number of asset objects unloaded after import = 1
========================================================================
Received Import Request.
  Time since last request: 0.000058 seconds.
  path: Assets/tilePalletes/BPW2TileMapv2_7.asset
  artifactKey: Guid(0c8c475b75324774c90e3bcda79b9ea5) Importer(815301076,1909f56bfc062723c751e8b465ee728b)
Start importing Assets/tilePalletes/BPW2TileMapv2_7.asset using Guid(0c8c475b75324774c90e3bcda79b9ea5) Importer(815301076,1909f56bfc062723c751e8b465ee728b)  -> (artifact id: 'c4db91a5e057c3d932eb5f641506e0d6') in 0.012724 seconds
Number of updated asset objects reloaded before import = 0
Number of asset objects unloaded after import = 3
========================================================================
Received Import Request.
  Time since last request: 0.050067 seconds.
  path: Assets/tilePalletes/bpwtiles_9.asset
  artifactKey: Guid(ba022c781c9d1ab4faf14b98a5633fc4) Importer(815301076,1909f56bfc062723c751e8b465ee728b)
Start importing Assets/tilePalletes/bpwtiles_9.asset using Guid(ba022c781c9d1ab4faf14b98a5633fc4) Importer(815301076,1909f56bfc062723c751e8b465ee728b)  -> (artifact id: '1f9cd56f2decfb589635b638e30c574f') in 0.003061 seconds
Number of updated asset objects reloaded before import = 0
Number of asset objects unloaded after import = 1
========================================================================
Received Import Request.
  Time since last request: 0.000016 seconds.
  path: Assets/tilePalletes/bpwtiles_12.asset
  artifactKey: Guid(071f62a00e90a4c4eab34f7df86920f2) Importer(815301076,1909f56bfc062723c751e8b465ee728b)
Start importing Assets/tilePalletes/bpwtiles_12.asset using Guid(071f62a00e90a4c4eab34f7df86920f2) Importer(815301076,1909f56bfc062723c751e8b465ee728b)  -> (artifact id: '2ae9362a0368b2fe1e3c8aa87b1e6ec0') in 0.003522 seconds
Number of updated asset objects reloaded before import = 0
Number of asset objects unloaded after import = 1
========================================================================
Received Import Request.
  Time since last request: 0.000018 seconds.
  path: Assets/tilePalletes/bpwtiles_11.asset
  artifactKey: Guid(9fb645fde8938fa42a8c93045209e0ad) Importer(815301076,1909f56bfc062723c751e8b465ee728b)
Start importing Assets/tilePalletes/bpwtiles_11.asset using Guid(9fb645fde8938fa42a8c93045209e0ad) Importer(815301076,1909f56bfc062723c751e8b465ee728b)  -> (artifact id: '4da38866ceb4f1fd92ffa1c67ee7c63b') in 0.003746 seconds
Number of updated asset objects reloaded before import = 0
Number of asset objects unloaded after import = 1
========================================================================
Received Import Request.
  Time since last request: 0.000032 seconds.
  path: Assets/tilePalletes/bpwtiles_21.asset
  artifactKey: Guid(e5b508d8373f65d41ac19bca4b768c64) Importer(815301076,1909f56bfc062723c751e8b465ee728b)
Start importing Assets/tilePalletes/bpwtiles_21.asset using Guid(e5b508d8373f65d41ac19bca4b768c64) Importer(815301076,1909f56bfc062723c751e8b465ee728b)  -> (artifact id: '7294f474b6feddaf1a55f137c60b2566') in 0.003376 seconds
Number of updated asset objects reloaded before import = 0
Number of asset objects unloaded after import = 1
========================================================================
Received Import Request.
  Time since last request: 0.000035 seconds.
  path: Assets/tilePalletes/bpwtiles_16.asset
  artifactKey: Guid(f0cfbf8e332a2f54f984199c92b502d3) Importer(815301076,1909f56bfc062723c751e8b465ee728b)
Start importing Assets/tilePalletes/bpwtiles_16.asset using Guid(f0cfbf8e332a2f54f984199c92b502d3) Importer(815301076,1909f56bfc062723c751e8b465ee728b)  -> (artifact id: 'cbce768cc9e8aa2681af587188da9023') in 0.002133 seconds
Number of updated asset objects reloaded before import = 0
Number of asset objects unloaded after import = 1
========================================================================
Received Import Request.
  Time since last request: 0.000045 seconds.
  path: Assets/tilePalletes/bpwtiles_29.asset
  artifactKey: Guid(f3a4488d60608cf46819af9b90e1b446) Importer(815301076,1909f56bfc062723c751e8b465ee728b)
Start importing Assets/tilePalletes/bpwtiles_29.asset using Guid(f3a4488d60608cf46819af9b90e1b446) Importer(815301076,1909f56bfc062723c751e8b465ee728b)  -> (artifact id: '3a14f19bf8d08145d485295beb937325') in 0.003397 seconds
Number of updated asset objects reloaded before import = 0
Number of asset objects unloaded after import = 1
========================================================================
Received Import Request.
  Time since last request: 0.000015 seconds.
  path: Assets/tilePalletes/bpwtiles_35.asset
  artifactKey: Guid(f546905fd03d0374d8d65eae41766fe2) Importer(815301076,1909f56bfc062723c751e8b465ee728b)
Start importing Assets/tilePalletes/bpwtiles_35.asset using Guid(f546905fd03d0374d8d65eae41766fe2) Importer(815301076,1909f56bfc062723c751e8b465ee728b)  -> (artifact id: 'b78b96d6bac8490902973ccdead6d7b9') in 0.002899 seconds
Number of updated asset objects reloaded before import = 0
Number of asset objects unloaded after import = 1
========================================================================
Received Import Request.
  Time since last request: 0.000022 seconds.
  path: Assets/tilePalletes/bpwtiles_30.asset
  artifactKey: Guid(e67a9c5a827cc164db69bda5575e640a) Importer(815301076,1909f56bfc062723c751e8b465ee728b)
Start importing Assets/tilePalletes/bpwtiles_30.asset using Guid(e67a9c5a827cc164db69bda5575e640a) Importer(815301076,1909f56bfc062723c751e8b465ee728b)  -> (artifact id: 'ddb5b8949a000403b436aba54b12682e') in 0.003043 seconds
Number of updated asset objects reloaded before import = 0
Number of asset objects unloaded after import = 1
========================================================================
Received Import Request.
  Time since last request: 0.000042 seconds.
  path: Assets/tilePalletes/bpwtiles_27.asset
  artifactKey: Guid(6aca15ac73126f94f8d7b0a86830c608) Importer(815301076,1909f56bfc062723c751e8b465ee728b)
Start importing Assets/tilePalletes/bpwtiles_27.asset using Guid(6aca15ac73126f94f8d7b0a86830c608) Importer(815301076,1909f56bfc062723c751e8b465ee728b)  -> (artifact id: '6d5824aae3931ba9b5de22fd87a1b939') in 0.003204 seconds
Number of updated asset objects reloaded before import = 0
Number of asset objects unloaded after import = 1
========================================================================
Received Import Request.
  Time since last request: 0.000043 seconds.
  path: Assets/tilePalletes/bpwtiles_26.asset
  artifactKey: Guid(e7450c9df2617a74b913d538553388ae) Importer(815301076,1909f56bfc062723c751e8b465ee728b)
Start importing Assets/tilePalletes/bpwtiles_26.asset using Guid(e7450c9df2617a74b913d538553388ae) Importer(815301076,1909f56bfc062723c751e8b465ee728b)  -> (artifact id: 'a20a249fac7a7cd7747b12a84b266411') in 0.002617 seconds
Number of updated asset objects reloaded before import = 0
Number of asset objects unloaded after import = 1
========================================================================
Received Import Request.
  Time since last request: 0.000034 seconds.
  path: Assets/tilePalletes/bpwtiles_18.asset
  artifactKey: Guid(11aad69fae319dc46aedd5c46dd9c25e) Importer(815301076,1909f56bfc062723c751e8b465ee728b)
Start importing Assets/tilePalletes/bpwtiles_18.asset using Guid(11aad69fae319dc46aedd5c46dd9c25e) Importer(815301076,1909f56bfc062723c751e8b465ee728b)  -> (artifact id: '45e957e7b43149bc7124b287d0ca0a56') in 0.002521 seconds
Number of updated asset objects reloaded before import = 0
Number of asset objects unloaded after import = 1
========================================================================
Received Import Request.
  Time since last request: 0.000016 seconds.
  path: Assets/tilePalletes/bpwtiles_32.asset
  artifactKey: Guid(eac76909c8f84d84e85a4a04a32e3c73) Importer(815301076,1909f56bfc062723c751e8b465ee728b)
Start importing Assets/tilePalletes/bpwtiles_32.asset using Guid(eac76909c8f84d84e85a4a04a32e3c73) Importer(815301076,1909f56bfc062723c751e8b465ee728b)  -> (artifact id: '77725c0c97f3551d189e04a4a42b83cc') in 0.002366 seconds
Number of updated asset objects reloaded before import = 0
Number of asset objects unloaded after import = 1
========================================================================
Received Import Request.
  Time since last request: 0.000097 seconds.
  path: Assets/tilePalletes/bpwtiles_13.asset
  artifactKey: Guid(8352817dc3f9f1544af24c06e09ba9d6) Importer(815301076,1909f56bfc062723c751e8b465ee728b)
Start importing Assets/tilePalletes/bpwtiles_13.asset using Guid(8352817dc3f9f1544af24c06e09ba9d6) Importer(815301076,1909f56bfc062723c751e8b465ee728b)  -> (artifact id: '1edad212f5a7f7e230cdcaef437a66cb') in 0.003010 seconds
Number of updated asset objects reloaded before import = 0
Number of asset objects unloaded after import = 1
========================================================================
Received Import Request.
  Time since last request: 0.000017 seconds.
  path: Assets/tilePalletes/bpwtiles_33.asset
  artifactKey: Guid(77b424a2524d73943aa812727798d559) Importer(815301076,1909f56bfc062723c751e8b465ee728b)
Start importing Assets/tilePalletes/bpwtiles_33.asset using Guid(77b424a2524d73943aa812727798d559) Importer(815301076,1909f56bfc062723c751e8b465ee728b)  -> (artifact id: '64c848ce798577a5e227674fe57abb22') in 0.003132 seconds
Number of updated asset objects reloaded before import = 0
Number of asset objects unloaded after import = 1
========================================================================
Received Import Request.
  Time since last request: 0.530939 seconds.
  path: Assets/tilePalletes/bpwtiles_37.asset
  artifactKey: Guid(caf8becbe70dd7442a99f7a9ed882706) Importer(815301076,1909f56bfc062723c751e8b465ee728b)
Start importing Assets/tilePalletes/bpwtiles_37.asset using Guid(caf8becbe70dd7442a99f7a9ed882706) Importer(815301076,1909f56bfc062723c751e8b465ee728b)  -> (artifact id: '05ce8071ba243beeb0173deec576f82e') in 0.002129 seconds
Number of updated asset objects reloaded before import = 0
Number of asset objects unloaded after import = 1
========================================================================
Received Import Request.
  Time since last request: 0.000017 seconds.
  path: Assets/tilePalletes/bpwtiles_48.asset
  artifactKey: Guid(b3175fe21c79c1449b552085bcc5a5c9) Importer(815301076,1909f56bfc062723c751e8b465ee728b)
Start importing Assets/tilePalletes/bpwtiles_48.asset using Guid(b3175fe21c79c1449b552085bcc5a5c9) Importer(815301076,1909f56bfc062723c751e8b465ee728b)  -> (artifact id: '2caf47ed5fc6f1b947bebe33ad622bd2') in 0.002103 seconds
Number of updated asset objects reloaded before import = 0
Number of asset objects unloaded after import = 1
========================================================================
Received Import Request.
  Time since last request: 0.000023 seconds.
  path: Assets/tilePalletes/bpwtiles_45.asset
  artifactKey: Guid(04aa3133f31666c43928a85f58e02631) Importer(815301076,1909f56bfc062723c751e8b465ee728b)
Start importing Assets/tilePalletes/bpwtiles_45.asset using Guid(04aa3133f31666c43928a85f58e02631) Importer(815301076,1909f56bfc062723c751e8b465ee728b)  -> (artifact id: '332bd51732d57ae28fc4318200268169') in 0.002914 seconds
Number of updated asset objects reloaded before import = 0
Number of asset objects unloaded after import = 1
========================================================================
Received Import Request.
  Time since last request: 0.000021 seconds.
  path: Assets/tilePalletes/bpwtiles_46.asset
  artifactKey: Guid(abd69605a38186f45a23bc136f89535f) Importer(815301076,1909f56bfc062723c751e8b465ee728b)
Start importing Assets/tilePalletes/bpwtiles_46.asset using Guid(abd69605a38186f45a23bc136f89535f) Importer(815301076,1909f56bfc062723c751e8b465ee728b)  -> (artifact id: 'df0da2af0d37c32ea49ff00a403a4443') in 0.002821 seconds
Number of updated asset objects reloaded before import = 0
Number of asset objects unloaded after import = 1
========================================================================
Received Import Request.
  Time since last request: 0.000027 seconds.
  path: Assets/tilePalletes/bpwtiles_49.asset
  artifactKey: Guid(fa7bad26f1db04546b847727bf5db0db) Importer(815301076,1909f56bfc062723c751e8b465ee728b)
Start importing Assets/tilePalletes/bpwtiles_49.asset using Guid(fa7bad26f1db04546b847727bf5db0db) Importer(815301076,1909f56bfc062723c751e8b465ee728b)  -> (artifact id: 'e8660b6f81a10e29639ef10b6e637dd7') in 0.002249 seconds
Number of updated asset objects reloaded before import = 0
Number of asset objects unloaded after import = 1
========================================================================
Received Import Request.
  Time since last request: 0.000017 seconds.
  path: Assets/tilePalletes/bpwtiles_43.asset
  artifactKey: Guid(e2d31959e78ce324892751849ca1c245) Importer(815301076,1909f56bfc062723c751e8b465ee728b)
Start importing Assets/tilePalletes/bpwtiles_43.asset using Guid(e2d31959e78ce324892751849ca1c245) Importer(815301076,1909f56bfc062723c751e8b465ee728b)  -> (artifact id: '5c0cb8b91495c80194ec02a4c1a1037f') in 0.002378 seconds
Number of updated asset objects reloaded before import = 0
Number of asset objects unloaded after import = 1
========================================================================
Received Import Request.
  Time since last request: 0.000067 seconds.
  path: Assets/tilePalletes/bpwtiles_50.asset
  artifactKey: Guid(d08dda6ab030fd540a9c274aaec32086) Importer(815301076,1909f56bfc062723c751e8b465ee728b)
Start importing Assets/tilePalletes/bpwtiles_50.asset using Guid(d08dda6ab030fd540a9c274aaec32086) Importer(815301076,1909f56bfc062723c751e8b465ee728b)  -> (artifact id: 'ef002aa1f945c8bb5eb1a9db2452285e') in 0.002908 seconds
Number of updated asset objects reloaded before import = 0
Number of asset objects unloaded after import = 1
========================================================================
Received Import Request.
  Time since last request: 0.016768 seconds.
  path: Assets/tilePalletes/bpwtiles_51.asset
  artifactKey: Guid(c6334b5bdfc79cc448f8e021fa1c230d) Importer(815301076,1909f56bfc062723c751e8b465ee728b)
Start importing Assets/tilePalletes/bpwtiles_51.asset using Guid(c6334b5bdfc79cc448f8e021fa1c230d) Importer(815301076,1909f56bfc062723c751e8b465ee728b)  -> (artifact id: 'df53de0a23733944e78f2693fad51e01') in 0.002011 seconds
Number of updated asset objects reloaded before import = 0
Number of asset objects unloaded after import = 1
========================================================================
Received Import Request.
  Time since last request: 0.000131 seconds.
  path: Assets/tilePalletes/bpwtiles_61.asset
  artifactKey: Guid(0e8548598fff0da458af7642916109a0) Importer(815301076,1909f56bfc062723c751e8b465ee728b)
Start importing Assets/tilePalletes/bpwtiles_61.asset using Guid(0e8548598fff0da458af7642916109a0) Importer(815301076,1909f56bfc062723c751e8b465ee728b)  -> (artifact id: 'e1ef23d0ec4d0f2259f2451cca9f1af3') in 0.003512 seconds
Number of updated asset objects reloaded before import = 0
Number of asset objects unloaded after import = 1
========================================================================
Received Import Request.
  Time since last request: 0.000021 seconds.
  path: Assets/tilePalletes/bpwtiles_56.asset
  artifactKey: Guid(1803eb7317c028e4684a9330a3914e77) Importer(815301076,1909f56bfc062723c751e8b465ee728b)
Start importing Assets/tilePalletes/bpwtiles_56.asset using Guid(1803eb7317c028e4684a9330a3914e77) Importer(815301076,1909f56bfc062723c751e8b465ee728b)  -> (artifact id: '590442ff658efc94b2112c41691d9bcf') in 0.002498 seconds
Number of updated asset objects reloaded before import = 0
Number of asset objects unloaded after import = 1
========================================================================
Received Import Request.
  Time since last request: 0.000174 seconds.
  path: Assets/tilePalletes/bpwtiles_54.asset
  artifactKey: Guid(6eaf0608a7fb7c947bbdecbe5f4099a2) Importer(815301076,1909f56bfc062723c751e8b465ee728b)
Start importing Assets/tilePalletes/bpwtiles_54.asset using Guid(6eaf0608a7fb7c947bbdecbe5f4099a2) Importer(815301076,1909f56bfc062723c751e8b465ee728b)  -> (artifact id: 'c2deb26600021dea43399f12873272ea') in 0.002954 seconds
Number of updated asset objects reloaded before import = 0
Number of asset objects unloaded after import = 1
========================================================================
Received Import Request.
  Time since last request: 0.000086 seconds.
  path: Assets/tilePalletes/bpwtiles_57.asset
  artifactKey: Guid(174906152df8a5f45a550bf658bceafb) Importer(815301076,1909f56bfc062723c751e8b465ee728b)
Start importing Assets/tilePalletes/bpwtiles_57.asset using Guid(174906152df8a5f45a550bf658bceafb) Importer(815301076,1909f56bfc062723c751e8b465ee728b)  -> (artifact id: '460898846b618759333feadf2fad2fdc') in 0.003155 seconds
Number of updated asset objects reloaded before import = 0
Number of asset objects unloaded after import = 1
========================================================================
Received Import Request.
  Time since last request: 0.000023 seconds.
  path: Assets/tilePalletes/bpwtiles_64.asset
  artifactKey: Guid(c7fbf07636f375446b303907908f406f) Importer(815301076,1909f56bfc062723c751e8b465ee728b)
Start importing Assets/tilePalletes/bpwtiles_64.asset using Guid(c7fbf07636f375446b303907908f406f) Importer(815301076,1909f56bfc062723c751e8b465ee728b)  -> (artifact id: '72afeb4ee2de5b4b8399aeac58a9081c') in 0.003573 seconds
Number of updated asset objects reloaded before import = 0
Number of asset objects unloaded after import = 1
========================================================================
Received Import Request.
  Time since last request: 0.000017 seconds.
  path: Assets/tilePalletes/bpwtiles_63.asset
  artifactKey: Guid(4de7f5adbc30ed54ebe8c9fdc80c20ef) Importer(815301076,1909f56bfc062723c751e8b465ee728b)
Start importing Assets/tilePalletes/bpwtiles_63.asset using Guid(4de7f5adbc30ed54ebe8c9fdc80c20ef) Importer(815301076,1909f56bfc062723c751e8b465ee728b)  -> (artifact id: 'c1bfa1f1d7542b2ae4d1b8a07bfda55a') in 0.002445 seconds
Number of updated asset objects reloaded before import = 0
Number of asset objects unloaded after import = 1
========================================================================
Received Import Request.
  Time since last request: 0.094011 seconds.
  path: Assets/tilePalletes/bpwtiles_65.asset
  artifactKey: Guid(26012b164a724164ba975208a3be667d) Importer(815301076,1909f56bfc062723c751e8b465ee728b)
Start importing Assets/tilePalletes/bpwtiles_65.asset using Guid(26012b164a724164ba975208a3be667d) Importer(815301076,1909f56bfc062723c751e8b465ee728b)  -> (artifact id: '116c2203f571806651ae4c54d181ca47') in 0.001978 seconds
Number of updated asset objects reloaded before import = 0
Number of asset objects unloaded after import = 1
========================================================================
Received Import Request.
  Time since last request: 0.000037 seconds.
  path: Assets/tilePalletes/bpwtiles_71.asset
  artifactKey: Guid(bf399d57ba63cde4eb9fe02c467b92bb) Importer(815301076,1909f56bfc062723c751e8b465ee728b)
Start importing Assets/tilePalletes/bpwtiles_71.asset using Guid(bf399d57ba63cde4eb9fe02c467b92bb) Importer(815301076,1909f56bfc062723c751e8b465ee728b)  -> (artifact id: '9e855fec10e76dd02fd7ca81827cc9dc') in 0.002453 seconds
Number of updated asset objects reloaded before import = 0
Number of asset objects unloaded after import = 1
========================================================================
Received Import Request.
  Time since last request: 0.000023 seconds.
  path: Assets/tilePalletes/bpwtiles_74.asset
  artifactKey: Guid(9d66df615c9b32b47b0ac029b126085b) Importer(815301076,1909f56bfc062723c751e8b465ee728b)
Start importing Assets/tilePalletes/bpwtiles_74.asset using Guid(9d66df615c9b32b47b0ac029b126085b) Importer(815301076,1909f56bfc062723c751e8b465ee728b)  -> (artifact id: '2432222049391581f50f4eee2ac1d4ce') in 0.002964 seconds
Number of updated asset objects reloaded before import = 0
Number of asset objects unloaded after import = 1
========================================================================
Received Import Request.
  Time since last request: 0.000019 seconds.
  path: Assets/tilePalletes/bpwtiles_73.asset
  artifactKey: Guid(b50ef22cfe5597149a71747f63eef963) Importer(815301076,1909f56bfc062723c751e8b465ee728b)
Start importing Assets/tilePalletes/bpwtiles_73.asset using Guid(b50ef22cfe5597149a71747f63eef963) Importer(815301076,1909f56bfc062723c751e8b465ee728b)  -> (artifact id: '3e71302fc0d28b252fd3d4102935a47b') in 0.003431 seconds
Number of updated asset objects reloaded before import = 0
Number of asset objects unloaded after import = 1
========================================================================
Received Import Request.
  Time since last request: 0.000021 seconds.
  path: Assets/tilePalletes/bpwtiles_67.asset
  artifactKey: Guid(15885871e4c5ac848b7ee33e6c53ceeb) Importer(815301076,1909f56bfc062723c751e8b465ee728b)
Start importing Assets/tilePalletes/bpwtiles_67.asset using Guid(15885871e4c5ac848b7ee33e6c53ceeb) Importer(815301076,1909f56bfc062723c751e8b465ee728b)  -> (artifact id: 'f53e9431fb563a5c05d17fc2bfebf438') in 0.003416 seconds
Number of updated asset objects reloaded before import = 0
Number of asset objects unloaded after import = 1
========================================================================
Received Import Request.
  Time since last request: 0.000028 seconds.
  path: Assets/tilePalletes/bpwtiles_70.asset
  artifactKey: Guid(ac2bf29960608544e8bb3f2c45f2cd31) Importer(815301076,1909f56bfc062723c751e8b465ee728b)
Start importing Assets/tilePalletes/bpwtiles_70.asset using Guid(ac2bf29960608544e8bb3f2c45f2cd31) Importer(815301076,1909f56bfc062723c751e8b465ee728b)  -> (artifact id: 'ee85b79ce5dc63e40c3b6e4c937d0474') in 0.002996 seconds
Number of updated asset objects reloaded before import = 0
Number of asset objects unloaded after import = 1
========================================================================
Received Import Request.
  Time since last request: 0.000023 seconds.
  path: Assets/tilePalletes/bpwtiles_77.asset
  artifactKey: Guid(91e27de517569a34fa6ea4c1328299b2) Importer(815301076,1909f56bfc062723c751e8b465ee728b)
Start importing Assets/tilePalletes/bpwtiles_77.asset using Guid(91e27de517569a34fa6ea4c1328299b2) Importer(815301076,1909f56bfc062723c751e8b465ee728b)  -> (artifact id: 'fa0e91ecad3e9d76492d68072701e988') in 0.002460 seconds
Number of updated asset objects reloaded before import = 0
Number of asset objects unloaded after import = 1
========================================================================
Received Import Request.
  Time since last request: 2.074248 seconds.
  path: Assets/tilePalletes/bpwtiles_81.asset
  artifactKey: Guid(9c0b5acf299cb9249a05b7d1342686ce) Importer(815301076,1909f56bfc062723c751e8b465ee728b)
Start importing Assets/tilePalletes/bpwtiles_81.asset using Guid(9c0b5acf299cb9249a05b7d1342686ce) Importer(815301076,1909f56bfc062723c751e8b465ee728b)  -> (artifact id: 'acfd63af72a1e91e17263218470279ca') in 0.003068 seconds
Number of updated asset objects reloaded before import = 0
Number of asset objects unloaded after import = 1
========================================================================
Received Import Request.
  Time since last request: 0.000015 seconds.
  path: Assets/tilePalletes/bpwtiles_84.asset
  artifactKey: Guid(fa172c455bd3658428015c8902bdee95) Importer(815301076,1909f56bfc062723c751e8b465ee728b)
Start importing Assets/tilePalletes/bpwtiles_84.asset using Guid(fa172c455bd3658428015c8902bdee95) Importer(815301076,1909f56bfc062723c751e8b465ee728b)  -> (artifact id: 'ccf1a35262f5369f484edc3729152046') in 0.002600 seconds
Number of updated asset objects reloaded before import = 0
Number of asset objects unloaded after import = 1
========================================================================
Received Import Request.
  Time since last request: 0.000015 seconds.
  path: Assets/tilePalletes/bpwtiles_86.asset
  artifactKey: Guid(58a911e23d324264c91fdfabbfab0e39) Importer(815301076,1909f56bfc062723c751e8b465ee728b)
Start importing Assets/tilePalletes/bpwtiles_86.asset using Guid(58a911e23d324264c91fdfabbfab0e39) Importer(815301076,1909f56bfc062723c751e8b465ee728b)  -> (artifact id: '51a45e9b31380a27dbbf111fa11106e2') in 0.002940 seconds
Number of updated asset objects reloaded before import = 0
Number of asset objects unloaded after import = 1
========================================================================
Received Import Request.
  Time since last request: 0.000019 seconds.
  path: Assets/tilePalletes/bpwtiles_87.asset
  artifactKey: Guid(a2777c019d1247147a595705f7a807d4) Importer(815301076,1909f56bfc062723c751e8b465ee728b)
Start importing Assets/tilePalletes/bpwtiles_87.asset using Guid(a2777c019d1247147a595705f7a807d4) Importer(815301076,1909f56bfc062723c751e8b465ee728b)  -> (artifact id: 'e443e745fac2295e542c460233d0acac') in 0.003414 seconds
Number of updated asset objects reloaded before import = 0
Number of asset objects unloaded after import = 1
========================================================================
Received Import Request.
  Time since last request: 0.000122 seconds.
  path: Assets/tilePalletes/bpwtiles_90.asset
  artifactKey: Guid(75dbc43fe0404f449bee0fb908ae299c) Importer(815301076,1909f56bfc062723c751e8b465ee728b)
Start importing Assets/tilePalletes/bpwtiles_90.asset using Guid(75dbc43fe0404f449bee0fb908ae299c) Importer(815301076,1909f56bfc062723c751e8b465ee728b)  -> (artifact id: '0b27a9afb4bf8649e14e59aea7cada23') in 0.001949 seconds
Number of updated asset objects reloaded before import = 0
Number of asset objects unloaded after import = 1
========================================================================
Received Import Request.
  Time since last request: 0.224960 seconds.
  path: Assets/tilePalletes/bpwtiles_96.asset
  artifactKey: Guid(f619e379bad5770478f478ee4c0b6b9b) Importer(815301076,1909f56bfc062723c751e8b465ee728b)
Start importing Assets/tilePalletes/bpwtiles_96.asset using Guid(f619e379bad5770478f478ee4c0b6b9b) Importer(815301076,1909f56bfc062723c751e8b465ee728b)  -> (artifact id: '056753ab1ea69f76748200385dd8e811') in 0.003240 seconds
Number of updated asset objects reloaded before import = 0
Number of asset objects unloaded after import = 1
========================================================================
Received Import Request.
  Time since last request: 0.000015 seconds.
  path: Assets/tilePalletes/bpwtiles_101.asset
  artifactKey: Guid(bf1577654fb11b744b1918756761f76b) Importer(815301076,1909f56bfc062723c751e8b465ee728b)
Start importing Assets/tilePalletes/bpwtiles_101.asset using Guid(bf1577654fb11b744b1918756761f76b) Importer(815301076,1909f56bfc062723c751e8b465ee728b)  -> (artifact id: '5f5f8663d841b1ff74beb89dd00594de') in 0.001825 seconds
Number of updated asset objects reloaded before import = 0
Number of asset objects unloaded after import = 1
========================================================================
Received Import Request.
  Time since last request: 0.000033 seconds.
  path: Assets/tilePalletes/bpwtiles_104.asset
  artifactKey: Guid(4b3aa433789a01f478df89476238b2f7) Importer(815301076,1909f56bfc062723c751e8b465ee728b)
Start importing Assets/tilePalletes/bpwtiles_104.asset using Guid(4b3aa433789a01f478df89476238b2f7) Importer(815301076,1909f56bfc062723c751e8b465ee728b)  -> (artifact id: '7d01c6547790001ef06846bffa2b786b') in 0.001868 seconds
Number of updated asset objects reloaded before import = 0
Number of asset objects unloaded after import = 1
========================================================================
Received Import Request.
  Time since last request: 0.022993 seconds.
  path: Assets/tilePalletes/bpwtiles_109.asset
  artifactKey: Guid(6573cb9bc68616140856d9e7d0a0b8de) Importer(815301076,1909f56bfc062723c751e8b465ee728b)
Start importing Assets/tilePalletes/bpwtiles_109.asset using Guid(6573cb9bc68616140856d9e7d0a0b8de) Importer(815301076,1909f56bfc062723c751e8b465ee728b)  -> (artifact id: 'e114973d8c35bf14fddaf93144587319') in 0.001896 seconds
Number of updated asset objects reloaded before import = 0
Number of asset objects unloaded after import = 1
========================================================================
Received Import Request.
  Time since last request: 0.000120 seconds.
  path: Assets/tilePalletes/bpwtiles_115.asset
  artifactKey: Guid(a72d16cee6ca02b4eb1fcd49e7871a02) Importer(815301076,1909f56bfc062723c751e8b465ee728b)
Start importing Assets/tilePalletes/bpwtiles_115.asset using Guid(a72d16cee6ca02b4eb1fcd49e7871a02) Importer(815301076,1909f56bfc062723c751e8b465ee728b)  -> (artifact id: '376039c0c7ddbabe82c27159989773e3') in 0.001937 seconds
Number of updated asset objects reloaded before import = 0
Number of asset objects unloaded after import = 1
========================================================================
Received Import Request.
  Time since last request: 0.000017 seconds.
  path: Assets/tilePalletes/bpwtiles_129.asset
  artifactKey: Guid(8372d3893f3301b4b8c96e193dc534a0) Importer(815301076,1909f56bfc062723c751e8b465ee728b)
Start importing Assets/tilePalletes/bpwtiles_129.asset using Guid(8372d3893f3301b4b8c96e193dc534a0) Importer(815301076,1909f56bfc062723c751e8b465ee728b)  -> (artifact id: 'a9a97a9e1444b2bde8ffe2482f38db88') in 0.003224 seconds
Number of updated asset objects reloaded before import = 0
Number of asset objects unloaded after import = 1
========================================================================
Received Import Request.
  Time since last request: 0.000014 seconds.
  path: Assets/tilePalletes/bpwtiles_121.asset
  artifactKey: Guid(1f0a6179cc393944880ff573628a7c1a) Importer(815301076,1909f56bfc062723c751e8b465ee728b)
Start importing Assets/tilePalletes/bpwtiles_121.asset using Guid(1f0a6179cc393944880ff573628a7c1a) Importer(815301076,1909f56bfc062723c751e8b465ee728b)  -> (artifact id: '38f17a31e20f04b80f0c8862a0e7702c') in 0.002547 seconds
Number of updated asset objects reloaded before import = 0
Number of asset objects unloaded after import = 1
========================================================================
Received Import Request.
  Time since last request: 0.000019 seconds.
  path: Assets/tilePalletes/bpwtiles_117.asset
  artifactKey: Guid(c58d6f5ee19385b42b54199ce4edcf58) Importer(815301076,1909f56bfc062723c751e8b465ee728b)
Start importing Assets/tilePalletes/bpwtiles_117.asset using Guid(c58d6f5ee19385b42b54199ce4edcf58) Importer(815301076,1909f56bfc062723c751e8b465ee728b)  -> (artifact id: 'ee59cf3d233d3d20144b33b5ced645a2') in 0.001831 seconds
Number of updated asset objects reloaded before import = 0
Number of asset objects unloaded after import = 1
========================================================================
Received Import Request.
  Time since last request: 0.230417 seconds.
  path: Assets/tilePalletes/bpwtiles_137.asset
  artifactKey: Guid(33b553b2450e94d41b8ae610b8a770c0) Importer(815301076,1909f56bfc062723c751e8b465ee728b)
Start importing Assets/tilePalletes/bpwtiles_137.asset using Guid(33b553b2450e94d41b8ae610b8a770c0) Importer(815301076,1909f56bfc062723c751e8b465ee728b)  -> (artifact id: '72db23d3bd7ae4feba579e7177353c32') in 0.001960 seconds
Number of updated asset objects reloaded before import = 0
Number of asset objects unloaded after import = 1
========================================================================
Received Import Request.
  Time since last request: 0.005394 seconds.
  path: Assets/tilePalletes/bpwtiles_142.asset
  artifactKey: Guid(917ec557e08324d4aa8fb5f810d3fcbd) Importer(815301076,1909f56bfc062723c751e8b465ee728b)
Start importing Assets/tilePalletes/bpwtiles_142.asset using Guid(917ec557e08324d4aa8fb5f810d3fcbd) Importer(815301076,1909f56bfc062723c751e8b465ee728b)  -> (artifact id: '33f871c07462fec108cee7d9e46f4b24') in 0.003138 seconds
Number of updated asset objects reloaded before import = 0
Number of asset objects unloaded after import = 1
========================================================================
Received Import Request.
  Time since last request: 0.000015 seconds.
  path: Assets/tilePalletes/bpwtiles_148.asset
  artifactKey: Guid(dddddfc068c548c4484e97bb3968308e) Importer(815301076,1909f56bfc062723c751e8b465ee728b)
Start importing Assets/tilePalletes/bpwtiles_148.asset using Guid(dddddfc068c548c4484e97bb3968308e) Importer(815301076,1909f56bfc062723c751e8b465ee728b)  -> (artifact id: '855981b5387c57c81a438ac6ab1900fa') in 0.002151 seconds
Number of updated asset objects reloaded before import = 0
Number of asset objects unloaded after import = 1
========================================================================
Received Import Request.
  Time since last request: 0.001404 seconds.
  path: Assets/tilePalletes/bpwtiles_153.asset
  artifactKey: Guid(0633d74082fea58438126aeb927f4289) Importer(815301076,1909f56bfc062723c751e8b465ee728b)
Start importing Assets/tilePalletes/bpwtiles_153.asset using Guid(0633d74082fea58438126aeb927f4289) Importer(815301076,1909f56bfc062723c751e8b465ee728b)  -> (artifact id: 'bbdeea5288578ce746dae27bdfa23b9a') in 0.001901 seconds
Number of updated asset objects reloaded before import = 0
Number of asset objects unloaded after import = 1
========================================================================
Received Import Request.
  Time since last request: 0.000213 seconds.
  path: Assets/tilePalletes/bpwtiles_156.asset
  artifactKey: Guid(ffe257b520868e4419cc77cd822da620) Importer(815301076,1909f56bfc062723c751e8b465ee728b)
Start importing Assets/tilePalletes/bpwtiles_156.asset using Guid(ffe257b520868e4419cc77cd822da620) Importer(815301076,1909f56bfc062723c751e8b465ee728b)  -> (artifact id: '58b6ac4880725d00eff44b14d1cc2b6a') in 0.002286 seconds
Number of updated asset objects reloaded before import = 0
Number of asset objects unloaded after import = 1
========================================================================
Received Import Request.
  Time since last request: 0.009656 seconds.
  path: Assets/tilePalletes/bpwtiles_164.asset
  artifactKey: Guid(9b4f54a3effb359478f0109cc8ec352b) Importer(815301076,1909f56bfc062723c751e8b465ee728b)
Start importing Assets/tilePalletes/bpwtiles_164.asset using Guid(9b4f54a3effb359478f0109cc8ec352b) Importer(815301076,1909f56bfc062723c751e8b465ee728b)  -> (artifact id: '8aada1c21181cf4336834f709207940e') in 0.001944 seconds
Number of updated asset objects reloaded before import = 0
Number of asset objects unloaded after import = 1
========================================================================
Received Import Request.
  Time since last request: 0.000040 seconds.
  path: Assets/tilePalletes/bpwtiles_172.asset
  artifactKey: Guid(81613a28a733be042a0fc8c430dc9c5f) Importer(815301076,1909f56bfc062723c751e8b465ee728b)
Start importing Assets/tilePalletes/bpwtiles_172.asset using Guid(81613a28a733be042a0fc8c430dc9c5f) Importer(815301076,1909f56bfc062723c751e8b465ee728b)  -> (artifact id: '4acfb106a2b2f4aa74ce9ef18798ac3a') in 0.001938 seconds
Number of updated asset objects reloaded before import = 0
Number of asset objects unloaded after import = 1
========================================================================
Received Import Request.
  Time since last request: 0.000028 seconds.
  path: Assets/tilePalletes/bpwtiles_169.asset
  artifactKey: Guid(c642efd497314f24aa51835eb91e3d66) Importer(815301076,1909f56bfc062723c751e8b465ee728b)
Start importing Assets/tilePalletes/bpwtiles_169.asset using Guid(c642efd497314f24aa51835eb91e3d66) Importer(815301076,1909f56bfc062723c751e8b465ee728b)  -> (artifact id: '4c77ace07609f04f4eeb8cdfcc5339c7') in 0.002047 seconds
Number of updated asset objects reloaded before import = 0
Number of asset objects unloaded after import = 1
Editor requested this worker to shutdown with reason: Scaling down because of idle timeout
TcpMessagingSession - receive error: operation aborted. errorcode: 995, details: The I/O operation has been aborted because of either a thread exit or an application request.
AssetImportWorker is now disconnected from the server
Process exiting
Exiting without the bug reporter. Application will terminate with return code 0