Using pre-set license
Built from '2022.3/staging' branch; Version is '2022.3.8f1 (b5eafc012955) revision 11922172'; Using compiler version '192829333'; Build Type 'Release'
OS: 'Windows 11  (10.0.22631) 64bit Core' Language: 'en' Physical Memory: 32492 MB
BatchMode: 1, IsHumanControllingUs: 0, StartBugReporterOnCrash: 0, Is64bit: 1, IsPro: 1

COMMAND LINE ARGUMENTS:
C:\Program Files\Unity\Hub\Editor\2022.3.8f1\Editor\Unity.exe
-adb2
-batchMode
-noUpm
-name
AssetImportWorker4
-projectPath
C:/Users/maxdo/Desktop/BPW2 Game FInal/FinalToHandIn/BPW2_project_final/BPW2FinalGame
-logFile
Logs/AssetImportWorker4.log
-srvPort
51035
Successfully changed project path to: C:/Users/maxdo/Desktop/BPW2 Game FInal/FinalToHandIn/BPW2_project_final/BPW2FinalGame
C:/Users/maxdo/Desktop/BPW2 Game FInal/FinalToHandIn/BPW2_project_final/BPW2FinalGame
[UnityMemory] Configuration Parameters - Can be set up in boot.config
    "memorysetup-bucket-allocator-granularity=16"
    "memorysetup-bucket-allocator-bucket-count=8"
    "memorysetup-bucket-allocator-block-size=33554432"
    "memorysetup-bucket-allocator-block-count=8"
    "memorysetup-main-allocator-block-size=16777216"
    "memorysetup-thread-allocator-block-size=16777216"
    "memorysetup-gfx-main-allocator-block-size=16777216"
    "memorysetup-gfx-thread-allocator-block-size=16777216"
    "memorysetup-cache-allocator-block-size=4194304"
    "memorysetup-typetree-allocator-block-size=2097152"
    "memorysetup-profiler-bucket-allocator-granularity=16"
    "memorysetup-profiler-bucket-allocator-bucket-count=8"
    "memorysetup-profiler-bucket-allocator-block-size=33554432"
    "memorysetup-profiler-bucket-allocator-block-count=8"
    "memorysetup-profiler-allocator-block-size=16777216"
    "memorysetup-profiler-editor-allocator-block-size=1048576"
    "memorysetup-temp-allocator-size-main=16777216"
    "memorysetup-job-temp-allocator-block-size=2097152"
    "memorysetup-job-temp-allocator-block-size-background=1048576"
    "memorysetup-job-temp-allocator-reduction-small-platforms=262144"
    "memorysetup-allocator-temp-initial-block-size-main=262144"
    "memorysetup-allocator-temp-initial-block-size-worker=262144"
    "memorysetup-temp-allocator-size-background-worker=32768"
    "memorysetup-temp-allocator-size-job-worker=262144"
    "memorysetup-temp-allocator-size-preload-manager=33554432"
    "memorysetup-temp-allocator-size-nav-mesh-worker=65536"
    "memorysetup-temp-allocator-size-audio-worker=65536"
    "memorysetup-temp-allocator-size-cloud-worker=32768"
    "memorysetup-temp-allocator-size-gi-baking-worker=262144"
    "memorysetup-temp-allocator-size-gfx=262144"
Player connection [40120] Host "[IP] 192.168.178.10 [Port] 0 [Flags] 2 [Guid] 3696601792 [EditorId] 3696601792 [Version] 1048832 [Id] WindowsEditor(7,Asphodel) [Debug] 1 [PackageName] WindowsEditor [ProjectName] Editor" joined multi-casting on [225.0.0.222:54997]...

Player connection [40120] Host "[IP] 192.168.178.10 [Port] 0 [Flags] 2 [Guid] 3696601792 [EditorId] 3696601792 [Version] 1048832 [Id] WindowsEditor(7,Asphodel) [Debug] 1 [PackageName] WindowsEditor [ProjectName] Editor" joined alternative multi-casting on [225.0.0.222:34997]...

[Physics::Module] Initialized MultithreadedJobDispatcher with 19 workers.
Refreshing native plugins compatible for Editor in 13.97 ms, found 4 plugins.
Preloading 0 native plugins for Editor in 0.00 ms.
Initialize engine version: 2022.3.8f1 (b5eafc012955)
[Subsystems] Discovering subsystems at path C:/Program Files/Unity/Hub/Editor/2022.3.8f1/Editor/Data/Resources/UnitySubsystems
[Subsystems] Discovering subsystems at path C:/Users/maxdo/Desktop/BPW2 Game FInal/FinalToHandIn/BPW2_project_final/BPW2FinalGame/Assets
GfxDevice: creating device client; threaded=0; jobified=0
Direct3D:
    Version:  Direct3D 11.0 [level 11.1]
    Renderer: NVIDIA GeForce RTX 3060 Laptop GPU (ID=0x2560)
    Vendor:   NVIDIA
    VRAM:     5996 MB
    Driver:   31.0.15.5176
Initialize mono
Mono path[0] = 'C:/Program Files/Unity/Hub/Editor/2022.3.8f1/Editor/Data/Managed'
Mono path[1] = 'C:/Program Files/Unity/Hub/Editor/2022.3.8f1/Editor/Data/MonoBleedingEdge/lib/mono/unityjit-win32'
Mono config path = 'C:/Program Files/Unity/Hub/Editor/2022.3.8f1/Editor/Data/MonoBleedingEdge/etc'
Using monoOptions --debugger-agent=transport=dt_socket,embedding=1,server=y,suspend=n,address=127.0.0.1:56120
Begin MonoManager ReloadAssembly
Registering precompiled unity dll's ...
Register platform support module: C:/Program Files/Unity/Hub/Editor/2022.3.8f1/Editor/Data/PlaybackEngines/WebGLSupport/UnityEditor.WebGL.Extensions.dll
Register platform support module: C:/Program Files/Unity/Hub/Editor/2022.3.8f1/Editor/Data/PlaybackEngines/WindowsStandaloneSupport/UnityEditor.WindowsStandalone.Extensions.dll
Registered in 0.010676 seconds.
- Loaded All Assemblies, in  0.322 seconds
Native extension for WindowsStandalone target not found
Native extension for WebGL target not found
Mono: successfully reloaded assembly
- Finished resetting the current domain, in  0.206 seconds
Domain Reload Profiling: 527ms
	BeginReloadAssembly (97ms)
		ExecutionOrderSort (0ms)
		DisableScriptedObjects (0ms)
		BackupInstance (0ms)
		ReleaseScriptingObjects (0ms)
		CreateAndSetChildDomain (1ms)
	RebuildCommonClasses (27ms)
	RebuildNativeTypeToScriptingClass (8ms)
	initialDomainReloadingComplete (58ms)
	LoadAllAssembliesAndSetupDomain (131ms)
		LoadAssemblies (95ms)
		RebuildTransferFunctionScriptingTraits (0ms)
		AnalyzeDomain (128ms)
			TypeCache.Refresh (127ms)
				TypeCache.ScanAssembly (116ms)
			ScanForSourceGeneratedMonoScriptInfo (0ms)
			ResolveRequiredComponents (0ms)
	FinalizeReload (207ms)
		ReleaseScriptCaches (0ms)
		RebuildScriptCaches (0ms)
		SetupLoadedEditorAssemblies (161ms)
			LogAssemblyErrors (0ms)
			InitializePlatformSupportModulesInManaged (9ms)
			SetLoadedEditorAssemblies (4ms)
			RefreshPlugins (0ms)
			BeforeProcessingInitializeOnLoad (2ms)
			ProcessInitializeOnLoadAttributes (103ms)
			ProcessInitializeOnLoadMethodAttributes (43ms)
			AfterProcessingInitializeOnLoad (0ms)
			EditorAssembliesLoaded (0ms)
		ExecutionOrderSort2 (0ms)
		AwakeInstancesAfterBackupRestoration (0ms)
========================================================================
Worker process is ready to serve import requests
Begin MonoManager ReloadAssembly
- Loaded All Assemblies, in  0.748 seconds
Refreshing native plugins compatible for Editor in 5.18 ms, found 4 plugins.
Native extension for WindowsStandalone target not found
Native extension for WebGL target not found
Package Manager log level set to [2]
[Package Manager] Server::EnsureServerProcessIsRunning -- launch failed, reason: Unity was launched with the -noUpm command-line argument
[Package Manager] UpmClient::Send -- Unable to send message (not connected to UPM process).
[Package Manager] Cannot connect to Unity Package Manager local server
Mono: successfully reloaded assembly
- Finished resetting the current domain, in  0.641 seconds
Domain Reload Profiling: 1383ms
	BeginReloadAssembly (172ms)
		ExecutionOrderSort (0ms)
		DisableScriptedObjects (7ms)
		BackupInstance (0ms)
		ReleaseScriptingObjects (0ms)
		CreateAndSetChildDomain (20ms)
	RebuildCommonClasses (29ms)
	RebuildNativeTypeToScriptingClass (11ms)
	initialDomainReloadingComplete (47ms)
	LoadAllAssembliesAndSetupDomain (483ms)
		LoadAssemblies (388ms)
		RebuildTransferFunctionScriptingTraits (0ms)
		AnalyzeDomain (202ms)
			TypeCache.Refresh (166ms)
				TypeCache.ScanAssembly (152ms)
			ScanForSourceGeneratedMonoScriptInfo (23ms)
			ResolveRequiredComponents (11ms)
	FinalizeReload (641ms)
		ReleaseScriptCaches (0ms)
		RebuildScriptCaches (0ms)
		SetupLoadedEditorAssemblies (492ms)
			LogAssemblyErrors (0ms)
			InitializePlatformSupportModulesInManaged (6ms)
			SetLoadedEditorAssemblies (3ms)
			RefreshPlugins (0ms)
			BeforeProcessingInitializeOnLoad (68ms)
			ProcessInitializeOnLoadAttributes (327ms)
			ProcessInitializeOnLoadMethodAttributes (79ms)
			AfterProcessingInitializeOnLoad (9ms)
			EditorAssembliesLoaded (0ms)
		ExecutionOrderSort2 (0ms)
		AwakeInstancesAfterBackupRestoration (7ms)
Launched and connected shader compiler UnityShaderCompiler.exe after 0.06 seconds
Refreshing native plugins compatible for Editor in 5.55 ms, found 4 plugins.
Preloading 0 native plugins for Editor in 0.00 ms.
Unloading 6419 Unused Serialized files (Serialized files now loaded: 0)
Unloading 107 unused Assets / (1.5 MB). Loaded Objects now: 6873.
Memory consumption went from 245.1 MB to 243.6 MB.
Total: 3.514800 ms (FindLiveObjects: 0.334600 ms CreateObjectMapping: 0.215500 ms MarkObjects: 2.571200 ms  DeleteObjects: 0.392400 ms)

AssetImportParameters requested are different than current active one (requested -> active):
  custom:container-demuxer-ogg: 62fdf1f143b41e24485cea50d1cbac27 -> 
  custom:framework-win-MediaFoundation: 216162199b28c13a410421893ffa2e32 -> 
  custom:container-muxer-webm: aa71ff27fc2769a1b78a27578f13a17b -> 
  custom:video-decoder-webm-vp8: 9c59270c3fd7afecdb556c50c9e8de78 -> 
  custom:SearchIndexIgnoredProperties: e643bd26f0fe6173181afceb89e7c659 -> 
  custom:AudioImporter_EditorPlatform: d09bf68614088b80899f8185d706f6e7 -> 
  custom:audio-decoder-ogg-vorbis: bf7c407c2cedff20999df2af8eb42d56 -> 
  custom:audio-encoder-webm-vorbis: bf7c407c2cedff20999df2af8eb42d56 -> 
  custom:video-codec-MediaFoundation-h265: 746d11721c4dcdbdad8f713fa42b33f4 -> 
  custom:video-decoder-ogg-theora: a1e56fd34408186e4bbccfd4996cb3dc -> 
  custom:CustomObjectIndexerAttribute: a3ef5dd2817f97addfee359851a9dba5 -> 
  custom:container-demuxer-webm: 4f35f7cbe854078d1ac9338744f61a02 -> 
  custom:video-encoder-webm-vp8: eb34c28f22e8b96e1ab97ce403110664 -> 
========================================================================
Received Import Request.
  Time since last request: 142751.551093 seconds.
  path: Assets/tilePalletes/bpwtiles_79.asset
  artifactKey: Guid(9594a266c4ab0c344b2eb720d1e5b3f3) Importer(815301076,1909f56bfc062723c751e8b465ee728b)
Start importing Assets/tilePalletes/bpwtiles_79.asset using Guid(9594a266c4ab0c344b2eb720d1e5b3f3) Importer(815301076,1909f56bfc062723c751e8b465ee728b)  -> (artifact id: 'f4d2d18ede46b6f176ebd51df6250894') in 0.039522 seconds
Number of updated asset objects reloaded before import = 0
Number of asset objects unloaded after import = 1
========================================================================
Received Import Request.
  Time since last request: 0.000016 seconds.
  path: Assets/tilePalletes/bpwtiles_88.asset
  artifactKey: Guid(5878f20098b170c48acf1f8cdd6672d5) Importer(815301076,1909f56bfc062723c751e8b465ee728b)
Start importing Assets/tilePalletes/bpwtiles_88.asset using Guid(5878f20098b170c48acf1f8cdd6672d5) Importer(815301076,1909f56bfc062723c751e8b465ee728b)  -> (artifact id: '2301a51dd768462d6bc8b216f0a349eb') in 0.001855 seconds
Number of updated asset objects reloaded before import = 0
Number of asset objects unloaded after import = 1
========================================================================
Received Import Request.
  Time since last request: 0.214936 seconds.
  path: Assets/tilePalletes/bpwtiles_93.asset
  artifactKey: Guid(61aa457f5282ca64f90bec58d03cd0a3) Importer(815301076,1909f56bfc062723c751e8b465ee728b)
Start importing Assets/tilePalletes/bpwtiles_93.asset using Guid(61aa457f5282ca64f90bec58d03cd0a3) Importer(815301076,1909f56bfc062723c751e8b465ee728b)  -> (artifact id: 'ccefdec4917abd88e68eee3fa1cc693c') in 0.002156 seconds
Number of updated asset objects reloaded before import = 0
Number of asset objects unloaded after import = 1
========================================================================
Received Import Request.
  Time since last request: 0.001509 seconds.
  path: Assets/tilePalletes/bpwtiles_94.asset
  artifactKey: Guid(43e5dc928aa061c4bb0c54323eece0ae) Importer(815301076,1909f56bfc062723c751e8b465ee728b)
Start importing Assets/tilePalletes/bpwtiles_94.asset using Guid(43e5dc928aa061c4bb0c54323eece0ae) Importer(815301076,1909f56bfc062723c751e8b465ee728b)  -> (artifact id: '97da5851915bb198c73e7f43ab98cfe7') in 0.003455 seconds
Number of updated asset objects reloaded before import = 0
Number of asset objects unloaded after import = 1
========================================================================
Received Import Request.
  Time since last request: 0.000019 seconds.
  path: Assets/tilePalletes/bpwtiles_100.asset
  artifactKey: Guid(8ed450a8a48f00d47a8fc105c52c503a) Importer(815301076,1909f56bfc062723c751e8b465ee728b)
Start importing Assets/tilePalletes/bpwtiles_100.asset using Guid(8ed450a8a48f00d47a8fc105c52c503a) Importer(815301076,1909f56bfc062723c751e8b465ee728b)  -> (artifact id: '32947e8bb508366a79427d0f7f98d091') in 0.002203 seconds
Number of updated asset objects reloaded before import = 0
Number of asset objects unloaded after import = 1
========================================================================
Received Import Request.
  Time since last request: 0.000035 seconds.
  path: Assets/tilePalletes/bpwtiles_102.asset
  artifactKey: Guid(ca59f27a477ff0742ac61eb50fac169d) Importer(815301076,1909f56bfc062723c751e8b465ee728b)
Start importing Assets/tilePalletes/bpwtiles_102.asset using Guid(ca59f27a477ff0742ac61eb50fac169d) Importer(815301076,1909f56bfc062723c751e8b465ee728b)  -> (artifact id: '0afc89c3ddf33ceb0361137e3e2c174a') in 0.002000 seconds
Number of updated asset objects reloaded before import = 0
Number of asset objects unloaded after import = 1
========================================================================
Received Import Request.
  Time since last request: 0.022039 seconds.
  path: Assets/tilePalletes/bpwtiles_107.asset
  artifactKey: Guid(36c01d8d9caa7d14bbb77fcf930f78a1) Importer(815301076,1909f56bfc062723c751e8b465ee728b)
Start importing Assets/tilePalletes/bpwtiles_107.asset using Guid(36c01d8d9caa7d14bbb77fcf930f78a1) Importer(815301076,1909f56bfc062723c751e8b465ee728b)  -> (artifact id: '26ac15b74b2ff771c82ff08f6fb4ac25') in 0.002039 seconds
Number of updated asset objects reloaded before import = 0
Number of asset objects unloaded after import = 1
========================================================================
Received Import Request.
  Time since last request: 0.000067 seconds.
  path: Assets/tilePalletes/bpwtiles_113.asset
  artifactKey: Guid(42a8394e178006245a9ec5bdc4d9b887) Importer(815301076,1909f56bfc062723c751e8b465ee728b)
Start importing Assets/tilePalletes/bpwtiles_113.asset using Guid(42a8394e178006245a9ec5bdc4d9b887) Importer(815301076,1909f56bfc062723c751e8b465ee728b)  -> (artifact id: '3f9ebac394e19e7d55d08557c77347de') in 0.001922 seconds
Number of updated asset objects reloaded before import = 0
Number of asset objects unloaded after import = 1
========================================================================
Received Import Request.
  Time since last request: 0.000013 seconds.
  path: Assets/tilePalletes/bpwtiles_132.asset
  artifactKey: Guid(3d32ec7724fb0414eb65f837a1331d7c) Importer(815301076,1909f56bfc062723c751e8b465ee728b)
Start importing Assets/tilePalletes/bpwtiles_132.asset using Guid(3d32ec7724fb0414eb65f837a1331d7c) Importer(815301076,1909f56bfc062723c751e8b465ee728b)  -> (artifact id: '276be5ddbb54c5144ea6ac673ee56f3e') in 0.002248 seconds
Number of updated asset objects reloaded before import = 0
Number of asset objects unloaded after import = 1
========================================================================
Received Import Request.
  Time since last request: 0.000079 seconds.
  path: Assets/tilePalletes/bpwtiles_127.asset
  artifactKey: Guid(ca6ab3f4885bb95419e0968a3cf78e33) Importer(815301076,1909f56bfc062723c751e8b465ee728b)
Start importing Assets/tilePalletes/bpwtiles_127.asset using Guid(ca6ab3f4885bb95419e0968a3cf78e33) Importer(815301076,1909f56bfc062723c751e8b465ee728b)  -> (artifact id: 'a9907e65b85227d81e87a94da9e1f3ab') in 0.001906 seconds
Number of updated asset objects reloaded before import = 0
Number of asset objects unloaded after import = 1
========================================================================
Received Import Request.
  Time since last request: 0.000016 seconds.
  path: Assets/tilePalletes/bpwtiles_120.asset
  artifactKey: Guid(a3d897803f421744b9bb8d1baa82d390) Importer(815301076,1909f56bfc062723c751e8b465ee728b)
Start importing Assets/tilePalletes/bpwtiles_120.asset using Guid(a3d897803f421744b9bb8d1baa82d390) Importer(815301076,1909f56bfc062723c751e8b465ee728b)  -> (artifact id: '7df515eab3a214ee492a009b48874b9f') in 0.002330 seconds
Number of updated asset objects reloaded before import = 0
Number of asset objects unloaded after import = 1
========================================================================
Received Import Request.
  Time since last request: 0.000222 seconds.
  path: Assets/tilePalletes/bpwtiles_134.asset
  artifactKey: Guid(bfcedaba351b90242a5bbd7f515815e0) Importer(815301076,1909f56bfc062723c751e8b465ee728b)
Start importing Assets/tilePalletes/bpwtiles_134.asset using Guid(bfcedaba351b90242a5bbd7f515815e0) Importer(815301076,1909f56bfc062723c751e8b465ee728b)  -> (artifact id: 'a00499075e7eaa0ef42cc862d405f0b4') in 0.002145 seconds
Number of updated asset objects reloaded before import = 0
Number of asset objects unloaded after import = 1
========================================================================
Received Import Request.
  Time since last request: 0.222105 seconds.
  path: Assets/tilePalletes/bpwtiles_135.asset
  artifactKey: Guid(c5f8cb368cb6ecb45865277f61a16663) Importer(815301076,1909f56bfc062723c751e8b465ee728b)
Start importing Assets/tilePalletes/bpwtiles_135.asset using Guid(c5f8cb368cb6ecb45865277f61a16663) Importer(815301076,1909f56bfc062723c751e8b465ee728b)  -> (artifact id: '6c3d8997fffcbb2d9c3a88d9743f5327') in 0.002245 seconds
Number of updated asset objects reloaded before import = 0
Number of asset objects unloaded after import = 1
========================================================================
Received Import Request.
  Time since last request: 0.000326 seconds.
  path: Assets/tilePalletes/bpwtiles_140.asset
  artifactKey: Guid(a9bcbdc0ec9379a4fac705611fdb8005) Importer(815301076,1909f56bfc062723c751e8b465ee728b)
Start importing Assets/tilePalletes/bpwtiles_140.asset using Guid(a9bcbdc0ec9379a4fac705611fdb8005) Importer(815301076,1909f56bfc062723c751e8b465ee728b)  -> (artifact id: '99fe5952e795b31b4b6e66ecfd44776f') in 0.002472 seconds
Number of updated asset objects reloaded before import = 0
Number of asset objects unloaded after import = 1
========================================================================
Received Import Request.
  Time since last request: 0.000029 seconds.
  path: Assets/tilePalletes/bpwtiles_147.asset
  artifactKey: Guid(71fcdbb12a42f9744b17f1d91afb8519) Importer(815301076,1909f56bfc062723c751e8b465ee728b)
Start importing Assets/tilePalletes/bpwtiles_147.asset using Guid(71fcdbb12a42f9744b17f1d91afb8519) Importer(815301076,1909f56bfc062723c751e8b465ee728b)  -> (artifact id: '60808a03aa26dee3d7ba465a3809b607') in 0.001867 seconds
Number of updated asset objects reloaded before import = 0
Number of asset objects unloaded after import = 1
========================================================================
Received Import Request.
  Time since last request: 0.004708 seconds.
  path: Assets/tilePalletes/bpwtiles_149.asset
  artifactKey: Guid(4cf9b2837d1aed445a09795bbf84c948) Importer(815301076,1909f56bfc062723c751e8b465ee728b)
Start importing Assets/tilePalletes/bpwtiles_149.asset using Guid(4cf9b2837d1aed445a09795bbf84c948) Importer(815301076,1909f56bfc062723c751e8b465ee728b)  -> (artifact id: '5d28a00df6b3b67209496f73f58e429f') in 0.001995 seconds
Number of updated asset objects reloaded before import = 0
Number of asset objects unloaded after import = 1
========================================================================
Received Import Request.
  Time since last request: 0.000012 seconds.
  path: Assets/tilePalletes/bpwtiles_162.asset
  artifactKey: Guid(86a674324b32a45419dc260ad1bed5e9) Importer(815301076,1909f56bfc062723c751e8b465ee728b)
Start importing Assets/tilePalletes/bpwtiles_162.asset using Guid(86a674324b32a45419dc260ad1bed5e9) Importer(815301076,1909f56bfc062723c751e8b465ee728b)  -> (artifact id: '3f542d547893537973798294b5bf9e57') in 0.002298 seconds
Number of updated asset objects reloaded before import = 0
Number of asset objects unloaded after import = 1
========================================================================
Received Import Request.
  Time since last request: 0.000013 seconds.
  path: Assets/tilePalletes/bpwtiles_159.asset
  artifactKey: Guid(f91f7e1316437ba4c966944db4bb0d6f) Importer(815301076,1909f56bfc062723c751e8b465ee728b)
Start importing Assets/tilePalletes/bpwtiles_159.asset using Guid(f91f7e1316437ba4c966944db4bb0d6f) Importer(815301076,1909f56bfc062723c751e8b465ee728b)  -> (artifact id: 'f0af27882fbe698419b327aec6aa97a4') in 0.002019 seconds
Number of updated asset objects reloaded before import = 0
Number of asset objects unloaded after import = 1
========================================================================
Received Import Request.
  Time since last request: 0.001549 seconds.
  path: Assets/tilePalletes/bpwtiles_163.asset
  artifactKey: Guid(753a2afb0e048f0489394424a6a18650) Importer(815301076,1909f56bfc062723c751e8b465ee728b)
Start importing Assets/tilePalletes/bpwtiles_163.asset using Guid(753a2afb0e048f0489394424a6a18650) Importer(815301076,1909f56bfc062723c751e8b465ee728b)  -> (artifact id: '01c7fd54c80a6c1cb780bfb5bcbbf2b9') in 0.001974 seconds
Number of updated asset objects reloaded before import = 0
Number of asset objects unloaded after import = 1
========================================================================
Received Import Request.
  Time since last request: 0.000031 seconds.
  path: Assets/tilePalletes/bpwtiles_175.asset
  artifactKey: Guid(94c97c7cadf3e7040b1216044599de23) Importer(815301076,1909f56bfc062723c751e8b465ee728b)
Start importing Assets/tilePalletes/bpwtiles_175.asset using Guid(94c97c7cadf3e7040b1216044599de23) Importer(815301076,1909f56bfc062723c751e8b465ee728b)  -> (artifact id: '42c6f22bc7c4181fd0539d1f9e3db37c') in 0.002039 seconds
Number of updated asset objects reloaded before import = 0
Number of asset objects unloaded after import = 1
========================================================================
Received Import Request.
  Time since last request: 0.000081 seconds.
  path: Assets/tilePalletes/bpwtiles_173.asset
  artifactKey: Guid(f29fd7751e11c1546b3dea4c1ead1e2f) Importer(815301076,1909f56bfc062723c751e8b465ee728b)
Start importing Assets/tilePalletes/bpwtiles_173.asset using Guid(f29fd7751e11c1546b3dea4c1ead1e2f) Importer(815301076,1909f56bfc062723c751e8b465ee728b)  -> (artifact id: '5aaf823f8e4815918610eff4fac6bb89') in 0.002810 seconds
Number of updated asset objects reloaded before import = 0
Number of asset objects unloaded after import = 1
========================================================================
Received Import Request.
  Time since last request: 0.001858 seconds.
  path: Assets/tilePalletes/bpwtiles_177.asset
  artifactKey: Guid(1268e0ad47a69af489765c2c839971dd) Importer(815301076,1909f56bfc062723c751e8b465ee728b)
Start importing Assets/tilePalletes/bpwtiles_177.asset using Guid(1268e0ad47a69af489765c2c839971dd) Importer(815301076,1909f56bfc062723c751e8b465ee728b)  -> (artifact id: '4f3f0e5af53028a2ae3d9f044ef9d3c7') in 0.002232 seconds
Number of updated asset objects reloaded before import = 0
Number of asset objects unloaded after import = 1
========================================================================
Received Import Request.
  Time since last request: 155.176049 seconds.
  path: Assets/tilePalletes/backgr_pallete1.prefab
  artifactKey: Guid(aa511b74703f3ed428be596625ab8af8) Importer(815301076,1909f56bfc062723c751e8b465ee728b)
Start importing Assets/tilePalletes/backgr_pallete1.prefab using Guid(aa511b74703f3ed428be596625ab8af8) Importer(815301076,1909f56bfc062723c751e8b465ee728b)  -> (artifact id: '7cebff00285470e0ee4b7b5f913ab11d') in 0.197291 seconds
Number of updated asset objects reloaded before import = 0
Number of asset objects unloaded after import = 76
========================================================================
Received Import Request.
  Time since last request: 65.763882 seconds.
  path: Assets/tilePalletes/backgr_pallete1.prefab
  artifactKey: Guid(aa511b74703f3ed428be596625ab8af8) Importer(815301076,1909f56bfc062723c751e8b465ee728b)
Start importing Assets/tilePalletes/backgr_pallete1.prefab using Guid(aa511b74703f3ed428be596625ab8af8) Importer(815301076,1909f56bfc062723c751e8b465ee728b)  -> (artifact id: 'af3d83145fd484f288361c8b6cdccad4') in 0.018755 seconds
Number of updated asset objects reloaded before import = 0
Number of asset objects unloaded after import = 75
